Timestamp | Device_ID | Temperature (Celsius) | Status
2026-06-05 05:37:57 | WARD_B_TEMP_01 | 40.2 | CRITICAL
2026-06-05 05:37:57 | WARD_B_TEMP_02 | 36.2 | NORMAL
2026-06-05 05:37:57 | WARD_B_TEMP_03 | 38.8 | CRITICAL
2026-06-05 05:37:57 | WARD_B_TEMP_04 | 35.4 | CRITICAL
2026-06-05 05:37:57 | WARD_B_TEMP_05 | 38.2 | CRITICAL
2026-06-05 05:37:58 | WARD_B_TEMP_01 | 38.0 | WARNING
2026-06-05 05:37:58 | WARD_B_TEMP_02 | 38.8 | CRITICAL
2026-06-05 05:37:58 | WARD_B_TEMP_03 | 37.9 | WARNING
2026-06-05 05:37:58 | WARD_B_TEMP_04 | 37.8 | WARNING
2026-06-05 05:37:58 | WARD_B_TEMP_05 | 35.8 | NORMAL
2026-06-05 05:37:59 | WARD_B_TEMP_01 | 35.5 | NORMAL
2026-06-05 05:37:59 | WARD_B_TEMP_02 | 34.6 | CRITICAL
2026-06-05 05:37:59 | WARD_B_TEMP_03 | 38.4 | CRITICAL
2026-06-05 05:37:59 | WARD_B_TEMP_04 | 34.9 | CRITICAL
2026-06-05 05:37:59 | WARD_B_TEMP_05 | 36.2 | NORMAL
2026-06-05 05:38:00 | WARD_B_TEMP_01 | 37.1 | NORMAL
2026-06-05 05:38:00 | WARD_B_TEMP_02 | 39.8 | CRITICAL
2026-06-05 05:38:00 | WARD_B_TEMP_03 | 37.9 | WARNING
2026-06-05 05:38:00 | WARD_B_TEMP_04 | 37.0 | NORMAL
2026-06-05 05:38:00 | WARD_B_TEMP_05 | 34.8 | CRITICAL
2026-06-05 05:38:01 | WARD_B_TEMP_01 | 38.3 | CRITICAL
2026-06-05 05:38:01 | WARD_B_TEMP_02 | 35.9 | NORMAL
2026-06-05 05:38:01 | WARD_B_TEMP_03 | 39.7 | CRITICAL
2026-06-05 05:38:01 | WARD_B_TEMP_04 | 36.3 | NORMAL
2026-06-05 05:38:01 | WARD_B_TEMP_05 | 38.4 | CRITICAL
2026-06-05 05:38:02 | WARD_B_TEMP_01 | 37.3 | NORMAL
2026-06-05 05:38:02 | WARD_B_TEMP_02 | 36.4 | NORMAL
2026-06-05 05:38:02 | WARD_B_TEMP_03 | 38.5 | CRITICAL
2026-06-05 05:38:02 | WARD_B_TEMP_04 | 40.0 | CRITICAL
2026-06-05 05:38:02 | WARD_B_TEMP_05 | 38.4 | CRITICAL
2026-06-05 05:38:03 | WARD_B_TEMP_01 | 38.4 | CRITICAL
2026-06-05 05:38:03 | WARD_B_TEMP_02 | 37.8 | WARNING
2026-06-05 05:38:03 | WARD_B_TEMP_03 | 36.8 | NORMAL
2026-06-05 05:38:03 | WARD_B_TEMP_04 | 36.8 | NORMAL
2026-06-05 05:38:03 | WARD_B_TEMP_05 | 36.3 | NORMAL
2026-06-05 05:38:04 | WARD_B_TEMP_01 | 35.2 | CRITICAL
2026-06-05 05:38:04 | WARD_B_TEMP_02 | 40.2 | CRITICAL
2026-06-05 05:38:04 | WARD_B_TEMP_03 | 36.1 | NORMAL
2026-06-05 05:38:04 | WARD_B_TEMP_04 | 36.1 | NORMAL
2026-06-05 05:38:04 | WARD_B_TEMP_05 | 36.2 | NORMAL
2026-06-05 05:38:05 | WARD_B_TEMP_01 | 35.1 | CRITICAL
2026-06-05 05:38:05 | WARD_B_TEMP_02 | 36.4 | NORMAL
2026-06-05 05:38:05 | WARD_B_TEMP_03 | 39.2 | CRITICAL
2026-06-05 05:38:05 | WARD_B_TEMP_04 | 34.8 | CRITICAL
2026-06-05 05:38:05 | WARD_B_TEMP_05 | 35.3 | CRITICAL
2026-06-05 05:38:06 | WARD_B_TEMP_01 | 38.7 | CRITICAL
2026-06-05 05:38:06 | WARD_B_TEMP_02 | 35.3 | CRITICAL
2026-06-05 05:38:06 | WARD_B_TEMP_03 | 39.6 | CRITICAL
2026-06-05 05:38:06 | WARD_B_TEMP_04 | 38.4 | CRITICAL
2026-06-05 05:38:06 | WARD_B_TEMP_05 | 37.3 | NORMAL
2026-06-05 05:38:07 | WARD_B_TEMP_01 | 37.3 | NORMAL
2026-06-05 05:38:07 | WARD_B_TEMP_02 | 39.7 | CRITICAL
2026-06-05 05:38:07 | WARD_B_TEMP_03 | 39.6 | CRITICAL
2026-06-05 05:38:07 | WARD_B_TEMP_04 | 39.3 | CRITICAL
2026-06-05 05:38:07 | WARD_B_TEMP_05 | 38.8 | CRITICAL
2026-06-05 05:38:08 | WARD_B_TEMP_01 | 39.9 | CRITICAL
2026-06-05 05:38:08 | WARD_B_TEMP_02 | 34.9 | CRITICAL
2026-06-05 05:38:08 | WARD_B_TEMP_03 | 36.0 | NORMAL
2026-06-05 05:38:08 | WARD_B_TEMP_04 | 40.0 | CRITICAL
2026-06-05 05:38:08 | WARD_B_TEMP_05 | 35.1 | CRITICAL
2026-06-05 05:38:09 | WARD_B_TEMP_01 | 36.3 | NORMAL
2026-06-05 05:38:09 | WARD_B_TEMP_02 | 38.5 | CRITICAL
2026-06-05 05:38:09 | WARD_B_TEMP_03 | 39.8 | CRITICAL
2026-06-05 05:38:09 | WARD_B_TEMP_04 | 38.8 | CRITICAL
2026-06-05 05:38:09 | WARD_B_TEMP_05 | 37.5 | WARNING
2026-06-05 05:38:10 | WARD_B_TEMP_01 | 37.0 | NORMAL
2026-06-05 05:38:10 | WARD_B_TEMP_02 | 40.4 | CRITICAL
2026-06-05 05:38:10 | WARD_B_TEMP_03 | 35.9 | NORMAL
2026-06-05 05:38:10 | WARD_B_TEMP_04 | 37.6 | WARNING
2026-06-05 05:38:10 | WARD_B_TEMP_05 | 39.4 | CRITICAL
2026-06-05 05:38:11 | WARD_B_TEMP_01 | 37.3 | NORMAL
2026-06-05 05:38:11 | WARD_B_TEMP_02 | 38.1 | CRITICAL
2026-06-05 05:38:11 | WARD_B_TEMP_03 | 38.1 | CRITICAL
2026-06-05 05:38:11 | WARD_B_TEMP_04 | 37.7 | WARNING
2026-06-05 05:38:11 | WARD_B_TEMP_05 | 36.0 | NORMAL
2026-06-05 05:38:12 | WARD_B_TEMP_01 | 35.2 | CRITICAL
2026-06-05 05:38:12 | WARD_B_TEMP_02 | 38.0 | WARNING
2026-06-05 05:38:12 | WARD_B_TEMP_03 | 34.7 | CRITICAL
2026-06-05 05:38:12 | WARD_B_TEMP_04 | 36.2 | NORMAL
2026-06-05 05:38:12 | WARD_B_TEMP_05 | 38.0 | WARNING
2026-06-05 05:38:13 | WARD_B_TEMP_01 | 34.7 | CRITICAL
2026-06-05 05:38:13 | WARD_B_TEMP_02 | 37.7 | WARNING
2026-06-05 05:38:13 | WARD_B_TEMP_03 | 36.4 | NORMAL
2026-06-05 05:38:13 | WARD_B_TEMP_04 | 40.3 | CRITICAL
2026-06-05 05:38:13 | WARD_B_TEMP_05 | 36.1 | NORMAL
2026-06-05 05:38:14 | WARD_B_TEMP_01 | 38.1 | CRITICAL
2026-06-05 05:38:14 | WARD_B_TEMP_02 | 37.4 | NORMAL
2026-06-05 05:38:14 | WARD_B_TEMP_03 | 35.6 | NORMAL
2026-06-05 05:38:14 | WARD_B_TEMP_04 | 39.9 | CRITICAL
2026-06-05 05:38:14 | WARD_B_TEMP_05 | 36.9 | NORMAL
2026-06-05 05:38:15 | WARD_B_TEMP_01 | 38.8 | CRITICAL
2026-06-05 05:38:15 | WARD_B_TEMP_02 | 37.0 | NORMAL
2026-06-05 05:38:15 | WARD_B_TEMP_03 | 36.1 | NORMAL
2026-06-05 05:38:15 | WARD_B_TEMP_04 | 36.8 | NORMAL
2026-06-05 05:38:15 | WARD_B_TEMP_05 | 40.4 | CRITICAL
2026-06-05 05:38:16 | WARD_B_TEMP_01 | 36.0 | NORMAL
2026-06-05 05:38:16 | WARD_B_TEMP_02 | 40.4 | CRITICAL
2026-06-05 05:38:16 | WARD_B_TEMP_03 | 36.0 | NORMAL
2026-06-05 05:38:16 | WARD_B_TEMP_04 | 38.0 | WARNING
2026-06-05 05:38:16 | WARD_B_TEMP_05 | 38.0 | WARNING
2026-06-05 05:38:17 | WARD_B_TEMP_01 | 40.2 | CRITICAL
2026-06-05 05:38:17 | WARD_B_TEMP_02 | 36.9 | NORMAL
2026-06-05 05:38:17 | WARD_B_TEMP_03 | 37.8 | WARNING
2026-06-05 05:38:17 | WARD_B_TEMP_04 | 38.2 | CRITICAL
2026-06-05 05:38:17 | WARD_B_TEMP_05 | 36.7 | NORMAL
2026-06-05 05:38:18 | WARD_B_TEMP_01 | 37.3 | NORMAL
2026-06-05 05:38:18 | WARD_B_TEMP_02 | 38.8 | CRITICAL
2026-06-05 05:38:18 | WARD_B_TEMP_03 | 36.0 | NORMAL
2026-06-05 05:38:18 | WARD_B_TEMP_04 | 34.6 | CRITICAL
2026-06-05 05:38:18 | WARD_B_TEMP_05 | 35.8 | NORMAL
2026-06-05 05:38:19 | WARD_B_TEMP_01 | 39.1 | CRITICAL
2026-06-05 05:38:19 | WARD_B_TEMP_02 | 36.4 | NORMAL
2026-06-05 05:38:19 | WARD_B_TEMP_03 | 39.7 | CRITICAL
2026-06-05 05:38:19 | WARD_B_TEMP_04 | 37.8 | WARNING
2026-06-05 05:38:19 | WARD_B_TEMP_05 | 36.9 | NORMAL
2026-06-05 05:38:20 | WARD_B_TEMP_01 | 35.5 | NORMAL
2026-06-05 05:38:20 | WARD_B_TEMP_02 | 39.2 | CRITICAL
2026-06-05 05:38:20 | WARD_B_TEMP_03 | 38.1 | CRITICAL
2026-06-05 05:38:20 | WARD_B_TEMP_04 | 36.1 | NORMAL
2026-06-05 05:38:20 | WARD_B_TEMP_05 | 35.0 | CRITICAL
2026-06-05 05:38:21 | WARD_B_TEMP_01 | 36.4 | NORMAL
2026-06-05 05:38:21 | WARD_B_TEMP_02 | 35.8 | NORMAL
2026-06-05 05:38:21 | WARD_B_TEMP_03 | 40.3 | CRITICAL
2026-06-05 05:38:21 | WARD_B_TEMP_04 | 36.6 | NORMAL
2026-06-05 05:38:21 | WARD_B_TEMP_05 | 39.9 | CRITICAL
2026-06-05 05:38:22 | WARD_B_TEMP_01 | 35.8 | NORMAL
2026-06-05 05:38:22 | WARD_B_TEMP_02 | 35.8 | NORMAL
2026-06-05 05:38:22 | WARD_B_TEMP_03 | 36.2 | NORMAL
2026-06-05 05:38:22 | WARD_B_TEMP_04 | 35.1 | CRITICAL
2026-06-05 05:38:22 | WARD_B_TEMP_05 | 39.0 | CRITICAL
2026-06-05 05:38:23 | WARD_B_TEMP_01 | 35.7 | NORMAL
2026-06-05 05:38:23 | WARD_B_TEMP_02 | 38.6 | CRITICAL
2026-06-05 05:38:23 | WARD_B_TEMP_03 | 37.9 | WARNING
2026-06-05 05:38:23 | WARD_B_TEMP_04 | 40.2 | CRITICAL
2026-06-05 05:38:23 | WARD_B_TEMP_05 | 39.6 | CRITICAL
2026-06-05 05:38:24 | WARD_B_TEMP_01 | 39.4 | CRITICAL
2026-06-05 05:38:24 | WARD_B_TEMP_02 | 37.4 | NORMAL
2026-06-05 05:38:24 | WARD_B_TEMP_03 | 34.6 | CRITICAL
2026-06-05 05:38:24 | WARD_B_TEMP_04 | 34.8 | CRITICAL
2026-06-05 05:38:24 | WARD_B_TEMP_05 | 39.5 | CRITICAL
2026-06-05 05:38:25 | WARD_B_TEMP_01 | 39.7 | CRITICAL
2026-06-05 05:38:25 | WARD_B_TEMP_02 | 37.6 | WARNING
2026-06-05 05:38:25 | WARD_B_TEMP_03 | 39.9 | CRITICAL
2026-06-05 05:38:25 | WARD_B_TEMP_04 | 36.2 | NORMAL
2026-06-05 05:38:25 | WARD_B_TEMP_05 | 35.2 | CRITICAL
2026-06-05 05:38:26 | WARD_B_TEMP_01 | 38.8 | CRITICAL
2026-06-05 05:38:26 | WARD_B_TEMP_02 | 34.9 | CRITICAL
2026-06-05 05:38:26 | WARD_B_TEMP_03 | 35.1 | CRITICAL
2026-06-05 05:38:26 | WARD_B_TEMP_04 | 38.8 | CRITICAL
2026-06-05 05:38:26 | WARD_B_TEMP_05 | 37.4 | NORMAL
2026-06-05 05:38:27 | WARD_B_TEMP_01 | 37.1 | NORMAL
2026-06-05 05:38:27 | WARD_B_TEMP_02 | 39.3 | CRITICAL
2026-06-05 05:38:27 | WARD_B_TEMP_03 | 35.2 | CRITICAL
2026-06-05 05:38:27 | WARD_B_TEMP_04 | 36.4 | NORMAL
2026-06-05 05:38:27 | WARD_B_TEMP_05 | 37.1 | NORMAL
2026-06-05 05:38:28 | WARD_B_TEMP_01 | 35.9 | NORMAL
2026-06-05 05:38:28 | WARD_B_TEMP_02 | 35.7 | NORMAL
2026-06-05 05:38:28 | WARD_B_TEMP_03 | 36.1 | NORMAL
2026-06-05 05:38:28 | WARD_B_TEMP_04 | 34.7 | CRITICAL
2026-06-05 05:38:28 | WARD_B_TEMP_05 | 38.8 | CRITICAL
2026-06-05 05:38:29 | WARD_B_TEMP_01 | 35.1 | CRITICAL
2026-06-05 05:38:29 | WARD_B_TEMP_02 | 35.2 | CRITICAL
2026-06-05 05:38:29 | WARD_B_TEMP_03 | 36.6 | NORMAL
2026-06-05 05:38:29 | WARD_B_TEMP_04 | 35.1 | CRITICAL
2026-06-05 05:38:29 | WARD_B_TEMP_05 | 39.7 | CRITICAL
2026-06-05 05:38:30 | WARD_B_TEMP_01 | 36.5 | NORMAL
2026-06-05 05:38:30 | WARD_B_TEMP_02 | 39.8 | CRITICAL
2026-06-05 05:38:30 | WARD_B_TEMP_03 | 39.8 | CRITICAL
2026-06-05 05:38:30 | WARD_B_TEMP_04 | 39.9 | CRITICAL
2026-06-05 05:38:30 | WARD_B_TEMP_05 | 35.6 | NORMAL
2026-06-05 05:38:31 | WARD_B_TEMP_01 | 38.7 | CRITICAL
2026-06-05 05:38:31 | WARD_B_TEMP_02 | 37.7 | WARNING
2026-06-05 05:38:31 | WARD_B_TEMP_03 | 39.0 | CRITICAL
2026-06-05 05:38:31 | WARD_B_TEMP_04 | 35.9 | NORMAL
2026-06-05 05:38:31 | WARD_B_TEMP_05 | 37.4 | NORMAL
2026-06-05 05:38:32 | WARD_B_TEMP_01 | 39.4 | CRITICAL
2026-06-05 05:38:32 | WARD_B_TEMP_02 | 38.1 | CRITICAL
2026-06-05 05:38:32 | WARD_B_TEMP_03 | 36.4 | NORMAL
2026-06-05 05:38:32 | WARD_B_TEMP_04 | 35.1 | CRITICAL
2026-06-05 05:38:32 | WARD_B_TEMP_05 | 36.7 | NORMAL
2026-06-05 05:38:33 | WARD_B_TEMP_01 | 36.8 | NORMAL
2026-06-05 05:38:33 | WARD_B_TEMP_02 | 36.2 | NORMAL
2026-06-05 05:38:33 | WARD_B_TEMP_03 | 38.5 | CRITICAL
2026-06-05 05:38:33 | WARD_B_TEMP_04 | 35.6 | NORMAL
2026-06-05 05:38:33 | WARD_B_TEMP_05 | 37.0 | NORMAL
2026-06-05 05:38:34 | WARD_B_TEMP_01 | 39.4 | CRITICAL
2026-06-05 05:38:34 | WARD_B_TEMP_02 | 35.7 | NORMAL
2026-06-05 05:38:34 | WARD_B_TEMP_03 | 39.5 | CRITICAL
2026-06-05 05:38:34 | WARD_B_TEMP_04 | 35.5 | NORMAL
2026-06-05 05:38:34 | WARD_B_TEMP_05 | 39.5 | CRITICAL
2026-06-05 05:38:35 | WARD_B_TEMP_01 | 35.2 | CRITICAL
2026-06-05 05:38:35 | WARD_B_TEMP_02 | 40.4 | CRITICAL
2026-06-05 05:38:35 | WARD_B_TEMP_03 | 35.4 | CRITICAL
2026-06-05 05:38:35 | WARD_B_TEMP_04 | 39.0 | CRITICAL
2026-06-05 05:38:35 | WARD_B_TEMP_05 | 37.7 | WARNING
2026-06-05 05:38:36 | WARD_B_TEMP_01 | 40.5 | CRITICAL
2026-06-05 05:38:36 | WARD_B_TEMP_02 | 38.3 | CRITICAL
2026-06-05 05:38:36 | WARD_B_TEMP_03 | 35.4 | CRITICAL
2026-06-05 05:38:36 | WARD_B_TEMP_04 | 39.0 | CRITICAL
2026-06-05 05:38:36 | WARD_B_TEMP_05 | 36.8 | NORMAL
2026-06-05 05:38:37 | WARD_B_TEMP_01 | 37.3 | NORMAL
2026-06-05 05:38:37 | WARD_B_TEMP_02 | 39.2 | CRITICAL
2026-06-05 05:38:37 | WARD_B_TEMP_03 | 37.6 | WARNING
2026-06-05 05:38:37 | WARD_B_TEMP_04 | 36.8 | NORMAL
2026-06-05 05:38:37 | WARD_B_TEMP_05 | 37.7 | WARNING
2026-06-05 05:38:38 | WARD_B_TEMP_01 | 40.1 | CRITICAL
2026-06-05 05:38:38 | WARD_B_TEMP_02 | 40.5 | CRITICAL
2026-06-05 05:38:38 | WARD_B_TEMP_03 | 35.3 | CRITICAL
2026-06-05 05:38:38 | WARD_B_TEMP_04 | 39.4 | CRITICAL
2026-06-05 05:38:38 | WARD_B_TEMP_05 | 34.9 | CRITICAL
2026-06-05 05:38:39 | WARD_B_TEMP_01 | 38.3 | CRITICAL
2026-06-05 05:38:39 | WARD_B_TEMP_02 | 38.9 | CRITICAL
2026-06-05 05:38:39 | WARD_B_TEMP_03 | 39.8 | CRITICAL
2026-06-05 05:38:39 | WARD_B_TEMP_04 | 35.9 | NORMAL
2026-06-05 05:38:39 | WARD_B_TEMP_05 | 40.0 | CRITICAL
2026-06-05 05:38:40 | WARD_B_TEMP_01 | 40.1 | CRITICAL
2026-06-05 05:38:40 | WARD_B_TEMP_02 | 36.7 | NORMAL
2026-06-05 05:38:40 | WARD_B_TEMP_03 | 37.7 | WARNING
2026-06-05 05:38:40 | WARD_B_TEMP_04 | 40.3 | CRITICAL
2026-06-05 05:38:40 | WARD_B_TEMP_05 | 35.2 | CRITICAL
2026-06-05 05:38:41 | WARD_B_TEMP_01 | 39.5 | CRITICAL
2026-06-05 05:38:41 | WARD_B_TEMP_02 | 38.5 | CRITICAL
2026-06-05 05:38:41 | WARD_B_TEMP_03 | 40.0 | CRITICAL
2026-06-05 05:38:41 | WARD_B_TEMP_04 | 37.5 | WARNING
2026-06-05 05:38:41 | WARD_B_TEMP_05 | 36.8 | NORMAL
2026-06-05 05:38:42 | WARD_B_TEMP_01 | 37.4 | NORMAL
2026-06-05 05:38:42 | WARD_B_TEMP_02 | 35.9 | NORMAL
2026-06-05 05:38:42 | WARD_B_TEMP_03 | 39.9 | CRITICAL
2026-06-05 05:38:42 | WARD_B_TEMP_04 | 36.4 | NORMAL
2026-06-05 05:38:42 | WARD_B_TEMP_05 | 40.3 | CRITICAL
2026-06-05 05:38:43 | WARD_B_TEMP_01 | 39.8 | CRITICAL
2026-06-05 05:38:43 | WARD_B_TEMP_02 | 39.4 | CRITICAL
2026-06-05 05:38:43 | WARD_B_TEMP_03 | 38.7 | CRITICAL
2026-06-05 05:38:43 | WARD_B_TEMP_04 | 39.7 | CRITICAL
2026-06-05 05:38:43 | WARD_B_TEMP_05 | 35.2 | CRITICAL
2026-06-05 05:38:44 | WARD_B_TEMP_01 | 36.8 | NORMAL
2026-06-05 05:38:44 | WARD_B_TEMP_02 | 39.2 | CRITICAL
2026-06-05 05:38:44 | WARD_B_TEMP_03 | 40.1 | CRITICAL
2026-06-05 05:38:44 | WARD_B_TEMP_04 | 39.5 | CRITICAL
2026-06-05 05:38:44 | WARD_B_TEMP_05 | 37.8 | WARNING
2026-06-05 05:38:45 | WARD_B_TEMP_01 | 37.1 | NORMAL
2026-06-05 05:38:45 | WARD_B_TEMP_02 | 40.5 | CRITICAL
2026-06-05 05:38:45 | WARD_B_TEMP_03 | 39.1 | CRITICAL
2026-06-05 05:38:45 | WARD_B_TEMP_04 | 39.5 | CRITICAL
2026-06-05 05:38:45 | WARD_B_TEMP_05 | 39.3 | CRITICAL
2026-06-05 05:38:46 | WARD_B_TEMP_01 | 39.4 | CRITICAL
2026-06-05 05:38:46 | WARD_B_TEMP_02 | 37.1 | NORMAL
2026-06-05 05:38:46 | WARD_B_TEMP_03 | 38.0 | WARNING
2026-06-05 05:38:46 | WARD_B_TEMP_04 | 38.0 | WARNING
2026-06-05 05:38:46 | WARD_B_TEMP_05 | 36.0 | NORMAL
2026-06-05 05:38:47 | WARD_B_TEMP_01 | 36.6 | NORMAL
2026-06-05 05:38:47 | WARD_B_TEMP_02 | 39.2 | CRITICAL
2026-06-05 05:38:47 | WARD_B_TEMP_03 | 38.1 | CRITICAL
2026-06-05 05:38:47 | WARD_B_TEMP_04 | 38.2 | CRITICAL
2026-06-05 05:38:47 | WARD_B_TEMP_05 | 35.1 | CRITICAL
2026-06-05 05:38:48 | WARD_B_TEMP_01 | 36.5 | NORMAL
2026-06-05 05:38:48 | WARD_B_TEMP_02 | 38.2 | CRITICAL
2026-06-05 05:38:48 | WARD_B_TEMP_03 | 38.2 | CRITICAL
2026-06-05 05:38:48 | WARD_B_TEMP_04 | 39.9 | CRITICAL
2026-06-05 05:38:48 | WARD_B_TEMP_05 | 36.7 | NORMAL
2026-06-05 05:38:49 | WARD_B_TEMP_01 | 36.3 | NORMAL
2026-06-05 05:38:49 | WARD_B_TEMP_02 | 36.6 | NORMAL
2026-06-05 05:38:49 | WARD_B_TEMP_03 | 38.1 | CRITICAL
2026-06-05 05:38:49 | WARD_B_TEMP_04 | 34.6 | CRITICAL
2026-06-05 05:38:49 | WARD_B_TEMP_05 | 34.8 | CRITICAL
2026-06-05 05:38:50 | WARD_B_TEMP_01 | 36.3 | NORMAL
2026-06-05 05:38:50 | WARD_B_TEMP_02 | 36.9 | NORMAL
2026-06-05 05:38:50 | WARD_B_TEMP_03 | 35.7 | NORMAL
2026-06-05 05:38:50 | WARD_B_TEMP_04 | 35.6 | NORMAL
2026-06-05 05:38:50 | WARD_B_TEMP_05 | 35.3 | CRITICAL
2026-06-05 05:38:51 | WARD_B_TEMP_01 | 37.1 | NORMAL
2026-06-05 05:38:51 | WARD_B_TEMP_02 | 38.3 | CRITICAL
2026-06-05 05:38:51 | WARD_B_TEMP_03 | 39.8 | CRITICAL
2026-06-05 05:38:51 | WARD_B_TEMP_04 | 37.7 | WARNING
2026-06-05 05:38:51 | WARD_B_TEMP_05 | 36.1 | NORMAL
2026-06-05 05:38:52 | WARD_B_TEMP_01 | 35.3 | CRITICAL
2026-06-05 05:38:52 | WARD_B_TEMP_02 | 37.4 | NORMAL
2026-06-05 05:38:52 | WARD_B_TEMP_03 | 39.1 | CRITICAL
2026-06-05 05:38:52 | WARD_B_TEMP_04 | 38.1 | CRITICAL
2026-06-05 05:38:52 | WARD_B_TEMP_05 | 40.4 | CRITICAL
2026-06-05 05:38:53 | WARD_B_TEMP_01 | 40.0 | CRITICAL
2026-06-05 05:38:53 | WARD_B_TEMP_02 | 35.1 | CRITICAL
2026-06-05 05:38:53 | WARD_B_TEMP_03 | 36.8 | NORMAL
2026-06-05 05:38:53 | WARD_B_TEMP_04 | 39.4 | CRITICAL
2026-06-05 05:38:53 | WARD_B_TEMP_05 | 35.6 | NORMAL
2026-06-05 05:38:54 | WARD_B_TEMP_01 | 38.8 | CRITICAL
2026-06-05 05:38:54 | WARD_B_TEMP_02 | 37.7 | WARNING
2026-06-05 05:38:54 | WARD_B_TEMP_03 | 35.8 | NORMAL
2026-06-05 05:38:54 | WARD_B_TEMP_04 | 35.3 | CRITICAL
2026-06-05 05:38:54 | WARD_B_TEMP_05 | 35.9 | NORMAL
2026-06-05 05:38:55 | WARD_B_TEMP_01 | 35.6 | NORMAL
2026-06-05 05:38:55 | WARD_B_TEMP_02 | 39.2 | CRITICAL
2026-06-05 05:38:55 | WARD_B_TEMP_03 | 36.4 | NORMAL
2026-06-05 05:38:55 | WARD_B_TEMP_04 | 39.2 | CRITICAL
2026-06-05 05:38:55 | WARD_B_TEMP_05 | 36.6 | NORMAL
2026-06-05 05:38:56 | WARD_B_TEMP_01 | 39.1 | CRITICAL
2026-06-05 05:38:56 | WARD_B_TEMP_02 | 35.1 | CRITICAL
2026-06-05 05:38:56 | WARD_B_TEMP_03 | 39.7 | CRITICAL
2026-06-05 05:38:56 | WARD_B_TEMP_04 | 38.2 | CRITICAL
2026-06-05 05:38:56 | WARD_B_TEMP_05 | 37.9 | WARNING
2026-06-05 05:38:57 | WARD_B_TEMP_01 | 34.8 | CRITICAL
2026-06-05 05:38:57 | WARD_B_TEMP_02 | 34.8 | CRITICAL
2026-06-05 05:38:57 | WARD_B_TEMP_03 | 35.5 | NORMAL
2026-06-05 05:38:57 | WARD_B_TEMP_04 | 40.2 | CRITICAL
2026-06-05 05:38:57 | WARD_B_TEMP_05 | 37.9 | WARNING
2026-06-05 05:38:58 | WARD_B_TEMP_01 | 36.7 | NORMAL
2026-06-05 05:38:58 | WARD_B_TEMP_02 | 40.0 | CRITICAL
2026-06-05 05:38:58 | WARD_B_TEMP_03 | 36.7 | NORMAL
2026-06-05 05:38:58 | WARD_B_TEMP_04 | 35.7 | NORMAL
2026-06-05 05:38:58 | WARD_B_TEMP_05 | 36.9 | NORMAL
2026-06-05 05:38:59 | WARD_B_TEMP_01 | 37.3 | NORMAL
2026-06-05 05:38:59 | WARD_B_TEMP_02 | 37.5 | WARNING
2026-06-05 05:38:59 | WARD_B_TEMP_03 | 39.1 | CRITICAL
2026-06-05 05:38:59 | WARD_B_TEMP_04 | 39.1 | CRITICAL
2026-06-05 05:38:59 | WARD_B_TEMP_05 | 38.6 | CRITICAL
2026-06-05 05:39:00 | WARD_B_TEMP_01 | 39.8 | CRITICAL
2026-06-05 05:39:00 | WARD_B_TEMP_02 | 37.0 | NORMAL
2026-06-05 05:39:00 | WARD_B_TEMP_03 | 36.2 | NORMAL
2026-06-05 05:39:00 | WARD_B_TEMP_04 | 36.4 | NORMAL
2026-06-05 05:39:00 | WARD_B_TEMP_05 | 39.9 | CRITICAL
2026-06-05 05:39:01 | WARD_B_TEMP_01 | 40.3 | CRITICAL
2026-06-05 05:39:01 | WARD_B_TEMP_02 | 39.8 | CRITICAL
2026-06-05 05:39:01 | WARD_B_TEMP_03 | 38.7 | CRITICAL
2026-06-05 05:39:01 | WARD_B_TEMP_04 | 37.5 | WARNING
2026-06-05 05:39:01 | WARD_B_TEMP_05 | 35.6 | NORMAL
2026-06-05 05:39:02 | WARD_B_TEMP_01 | 37.1 | NORMAL
2026-06-05 05:39:02 | WARD_B_TEMP_02 | 38.7 | CRITICAL
2026-06-05 05:39:02 | WARD_B_TEMP_03 | 37.3 | NORMAL
2026-06-05 05:39:02 | WARD_B_TEMP_04 | 35.7 | NORMAL
2026-06-05 05:39:02 | WARD_B_TEMP_05 | 39.0 | CRITICAL
2026-06-05 05:39:03 | WARD_B_TEMP_01 | 38.7 | CRITICAL
2026-06-05 05:39:03 | WARD_B_TEMP_02 | 35.3 | CRITICAL
2026-06-05 05:39:03 | WARD_B_TEMP_03 | 39.1 | CRITICAL
2026-06-05 05:39:03 | WARD_B_TEMP_04 | 40.3 | CRITICAL
2026-06-05 05:39:03 | WARD_B_TEMP_05 | 39.3 | CRITICAL
2026-06-05 05:39:04 | WARD_B_TEMP_01 | 37.6 | WARNING
2026-06-05 05:39:04 | WARD_B_TEMP_02 | 36.8 | NORMAL
2026-06-05 05:39:04 | WARD_B_TEMP_03 | 40.3 | CRITICAL
2026-06-05 05:39:04 | WARD_B_TEMP_04 | 35.8 | NORMAL
2026-06-05 05:39:04 | WARD_B_TEMP_05 | 34.9 | CRITICAL
2026-06-05 05:39:05 | WARD_B_TEMP_01 | 37.3 | NORMAL
2026-06-05 05:39:05 | WARD_B_TEMP_02 | 35.8 | NORMAL
2026-06-05 05:39:05 | WARD_B_TEMP_03 | 36.8 | NORMAL
2026-06-05 05:39:05 | WARD_B_TEMP_04 | 39.0 | CRITICAL
2026-06-05 05:39:05 | WARD_B_TEMP_05 | 39.9 | CRITICAL
2026-06-05 05:39:06 | WARD_B_TEMP_01 | 35.5 | NORMAL
2026-06-05 05:39:06 | WARD_B_TEMP_02 | 37.7 | WARNING
2026-06-05 05:39:06 | WARD_B_TEMP_03 | 37.3 | NORMAL
2026-06-05 05:39:06 | WARD_B_TEMP_04 | 38.9 | CRITICAL
2026-06-05 05:39:06 | WARD_B_TEMP_05 | 34.7 | CRITICAL
2026-06-05 05:39:07 | WARD_B_TEMP_01 | 35.9 | NORMAL
2026-06-05 05:39:07 | WARD_B_TEMP_02 | 35.9 | NORMAL
2026-06-05 05:39:07 | WARD_B_TEMP_03 | 36.1 | NORMAL
2026-06-05 05:39:07 | WARD_B_TEMP_04 | 37.6 | WARNING
2026-06-05 05:39:07 | WARD_B_TEMP_05 | 39.5 | CRITICAL
2026-06-05 05:39:08 | WARD_B_TEMP_01 | 35.9 | NORMAL
2026-06-05 05:39:08 | WARD_B_TEMP_02 | 39.5 | CRITICAL
2026-06-05 05:39:08 | WARD_B_TEMP_03 | 39.9 | CRITICAL
2026-06-05 05:39:08 | WARD_B_TEMP_04 | 37.0 | NORMAL
2026-06-05 05:39:08 | WARD_B_TEMP_05 | 36.7 | NORMAL
2026-06-05 05:39:09 | WARD_B_TEMP_01 | 38.4 | CRITICAL
2026-06-05 05:39:09 | WARD_B_TEMP_02 | 38.6 | CRITICAL
2026-06-05 05:39:09 | WARD_B_TEMP_03 | 38.3 | CRITICAL
2026-06-05 05:39:09 | WARD_B_TEMP_04 | 36.3 | NORMAL
2026-06-05 05:39:09 | WARD_B_TEMP_05 | 39.7 | CRITICAL
2026-06-05 05:39:10 | WARD_B_TEMP_01 | 36.5 | NORMAL
2026-06-05 05:39:10 | WARD_B_TEMP_02 | 35.9 | NORMAL
2026-06-05 05:39:10 | WARD_B_TEMP_03 | 39.9 | CRITICAL
2026-06-05 05:39:10 | WARD_B_TEMP_04 | 35.6 | NORMAL
2026-06-05 05:39:10 | WARD_B_TEMP_05 | 39.8 | CRITICAL
2026-06-05 05:39:11 | WARD_B_TEMP_01 | 35.3 | CRITICAL
2026-06-05 05:39:11 | WARD_B_TEMP_02 | 36.1 | NORMAL
2026-06-05 05:39:11 | WARD_B_TEMP_03 | 34.9 | CRITICAL
2026-06-05 05:39:11 | WARD_B_TEMP_04 | 35.8 | NORMAL
2026-06-05 05:39:11 | WARD_B_TEMP_05 | 40.3 | CRITICAL
2026-06-05 05:39:12 | WARD_B_TEMP_01 | 37.1 | NORMAL
2026-06-05 05:39:12 | WARD_B_TEMP_02 | 38.2 | CRITICAL
2026-06-05 05:39:12 | WARD_B_TEMP_03 | 35.6 | NORMAL
2026-06-05 05:39:12 | WARD_B_TEMP_04 | 36.6 | NORMAL
2026-06-05 05:39:12 | WARD_B_TEMP_05 | 36.6 | NORMAL
2026-06-05 05:39:13 | WARD_B_TEMP_01 | 38.8 | CRITICAL
2026-06-05 05:39:13 | WARD_B_TEMP_02 | 37.7 | WARNING
2026-06-05 05:39:13 | WARD_B_TEMP_03 | 36.0 | NORMAL
2026-06-05 05:39:13 | WARD_B_TEMP_04 | 38.1 | CRITICAL
2026-06-05 05:39:13 | WARD_B_TEMP_05 | 40.3 | CRITICAL
2026-06-05 05:39:14 | WARD_B_TEMP_01 | 37.0 | NORMAL
2026-06-05 05:39:14 | WARD_B_TEMP_02 | 36.8 | NORMAL
2026-06-05 05:39:14 | WARD_B_TEMP_03 | 35.7 | NORMAL
2026-06-05 05:39:14 | WARD_B_TEMP_04 | 39.7 | CRITICAL
2026-06-05 05:39:14 | WARD_B_TEMP_05 | 39.9 | CRITICAL
2026-06-05 05:39:15 | WARD_B_TEMP_01 | 39.0 | CRITICAL
2026-06-05 05:39:15 | WARD_B_TEMP_02 | 40.4 | CRITICAL
2026-06-05 05:39:15 | WARD_B_TEMP_03 | 35.5 | NORMAL
2026-06-05 05:39:15 | WARD_B_TEMP_04 | 38.2 | CRITICAL
2026-06-05 05:39:15 | WARD_B_TEMP_05 | 39.0 | CRITICAL
2026-06-05 05:39:16 | WARD_B_TEMP_01 | 38.2 | CRITICAL
2026-06-05 05:39:16 | WARD_B_TEMP_02 | 38.4 | CRITICAL
2026-06-05 05:39:16 | WARD_B_TEMP_03 | 37.6 | WARNING
2026-06-05 05:39:16 | WARD_B_TEMP_04 | 40.2 | CRITICAL
2026-06-05 05:39:16 | WARD_B_TEMP_05 | 36.9 | NORMAL
2026-06-05 05:39:17 | WARD_B_TEMP_01 | 36.8 | NORMAL
2026-06-05 05:39:17 | WARD_B_TEMP_02 | 34.6 | CRITICAL
2026-06-05 05:39:17 | WARD_B_TEMP_03 | 37.9 | WARNING
2026-06-05 05:39:17 | WARD_B_TEMP_04 | 36.1 | NORMAL
2026-06-05 05:39:17 | WARD_B_TEMP_05 | 34.5 | CRITICAL
2026-06-05 05:39:18 | WARD_B_TEMP_01 | 37.7 | WARNING
2026-06-05 05:39:18 | WARD_B_TEMP_02 | 39.9 | CRITICAL
2026-06-05 05:39:18 | WARD_B_TEMP_03 | 40.2 | CRITICAL
2026-06-05 05:39:18 | WARD_B_TEMP_04 | 35.2 | CRITICAL
2026-06-05 05:39:18 | WARD_B_TEMP_05 | 35.6 | NORMAL
2026-06-05 05:39:19 | WARD_B_TEMP_01 | 37.5 | WARNING
2026-06-05 05:39:19 | WARD_B_TEMP_02 | 35.3 | CRITICAL
2026-06-05 05:39:19 | WARD_B_TEMP_03 | 36.2 | NORMAL
2026-06-05 05:39:19 | WARD_B_TEMP_04 | 38.6 | CRITICAL
2026-06-05 05:39:19 | WARD_B_TEMP_05 | 37.2 | NORMAL
2026-06-05 05:39:20 | WARD_B_TEMP_01 | 34.6 | CRITICAL
2026-06-05 05:39:20 | WARD_B_TEMP_02 | 40.1 | CRITICAL
2026-06-05 05:39:20 | WARD_B_TEMP_03 | 38.9 | CRITICAL
2026-06-05 05:39:20 | WARD_B_TEMP_04 | 38.1 | CRITICAL
2026-06-05 05:39:20 | WARD_B_TEMP_05 | 39.0 | CRITICAL
2026-06-05 05:39:21 | WARD_B_TEMP_01 | 40.1 | CRITICAL
2026-06-05 05:39:21 | WARD_B_TEMP_02 | 37.3 | NORMAL
2026-06-05 05:39:21 | WARD_B_TEMP_03 | 40.0 | CRITICAL
2026-06-05 05:39:21 | WARD_B_TEMP_04 | 35.5 | NORMAL
2026-06-05 05:39:21 | WARD_B_TEMP_05 | 35.7 | NORMAL
2026-06-05 05:39:22 | WARD_B_TEMP_01 | 35.8 | NORMAL
2026-06-05 05:39:22 | WARD_B_TEMP_02 | 40.3 | CRITICAL
2026-06-05 05:39:22 | WARD_B_TEMP_03 | 39.2 | CRITICAL
2026-06-05 05:39:22 | WARD_B_TEMP_04 | 38.8 | CRITICAL
2026-06-05 05:39:22 | WARD_B_TEMP_05 | 35.8 | NORMAL
2026-06-05 05:39:23 | WARD_B_TEMP_01 | 34.9 | CRITICAL
2026-06-05 05:39:23 | WARD_B_TEMP_02 | 36.7 | NORMAL
2026-06-05 05:39:23 | WARD_B_TEMP_03 | 38.0 | WARNING
2026-06-05 05:39:23 | WARD_B_TEMP_04 | 37.7 | WARNING
2026-06-05 05:39:23 | WARD_B_TEMP_05 | 39.8 | CRITICAL
2026-06-05 05:39:24 | WARD_B_TEMP_01 | 35.8 | NORMAL
2026-06-05 05:39:24 | WARD_B_TEMP_02 | 37.1 | NORMAL
2026-06-05 05:39:24 | WARD_B_TEMP_03 | 37.9 | WARNING
2026-06-05 05:39:24 | WARD_B_TEMP_04 | 38.6 | CRITICAL
2026-06-05 05:39:24 | WARD_B_TEMP_05 | 34.6 | CRITICAL
2026-06-05 05:39:25 | WARD_B_TEMP_01 | 39.1 | CRITICAL
2026-06-05 05:39:25 | WARD_B_TEMP_02 | 36.9 | NORMAL
2026-06-05 05:39:25 | WARD_B_TEMP_03 | 35.2 | CRITICAL
2026-06-05 05:39:25 | WARD_B_TEMP_04 | 37.0 | NORMAL
2026-06-05 05:39:25 | WARD_B_TEMP_05 | 36.1 | NORMAL
2026-06-05 05:39:26 | WARD_B_TEMP_01 | 36.4 | NORMAL
2026-06-05 05:39:26 | WARD_B_TEMP_02 | 39.7 | CRITICAL
2026-06-05 05:39:26 | WARD_B_TEMP_03 | 40.1 | CRITICAL
2026-06-05 05:39:26 | WARD_B_TEMP_04 | 39.7 | CRITICAL
2026-06-05 05:39:26 | WARD_B_TEMP_05 | 34.9 | CRITICAL
2026-06-05 05:39:27 | WARD_B_TEMP_01 | 38.2 | CRITICAL
2026-06-05 05:39:27 | WARD_B_TEMP_02 | 40.2 | CRITICAL
2026-06-05 05:39:27 | WARD_B_TEMP_03 | 40.4 | CRITICAL
2026-06-05 05:39:27 | WARD_B_TEMP_04 | 34.8 | CRITICAL
2026-06-05 05:39:27 | WARD_B_TEMP_05 | 36.9 | NORMAL
2026-06-05 05:39:28 | WARD_B_TEMP_01 | 40.1 | CRITICAL
2026-06-05 05:39:28 | WARD_B_TEMP_02 | 36.3 | NORMAL
2026-06-05 05:39:28 | WARD_B_TEMP_03 | 36.0 | NORMAL
2026-06-05 05:39:28 | WARD_B_TEMP_04 | 36.1 | NORMAL
2026-06-05 05:39:28 | WARD_B_TEMP_05 | 40.1 | CRITICAL
2026-06-05 05:39:29 | WARD_B_TEMP_01 | 35.7 | NORMAL
2026-06-05 05:39:29 | WARD_B_TEMP_02 | 37.9 | WARNING
2026-06-05 05:39:29 | WARD_B_TEMP_03 | 39.9 | CRITICAL
2026-06-05 05:39:29 | WARD_B_TEMP_04 | 37.7 | WARNING
2026-06-05 05:39:29 | WARD_B_TEMP_05 | 35.0 | CRITICAL
2026-06-05 05:39:30 | WARD_B_TEMP_01 | 35.3 | CRITICAL
2026-06-05 05:39:30 | WARD_B_TEMP_02 | 35.9 | NORMAL
2026-06-05 05:39:30 | WARD_B_TEMP_03 | 36.5 | NORMAL
2026-06-05 05:39:30 | WARD_B_TEMP_04 | 39.3 | CRITICAL
2026-06-05 05:39:30 | WARD_B_TEMP_05 | 38.8 | CRITICAL
2026-06-05 05:39:31 | WARD_B_TEMP_01 | 37.8 | WARNING
2026-06-05 05:39:31 | WARD_B_TEMP_02 | 39.0 | CRITICAL
2026-06-05 05:39:31 | WARD_B_TEMP_03 | 36.9 | NORMAL
2026-06-05 05:39:31 | WARD_B_TEMP_04 | 36.9 | NORMAL
2026-06-05 05:39:31 | WARD_B_TEMP_05 | 39.2 | CRITICAL
2026-06-05 05:39:32 | WARD_B_TEMP_01 | 35.3 | CRITICAL
2026-06-05 05:39:32 | WARD_B_TEMP_02 | 40.2 | CRITICAL
2026-06-05 05:39:32 | WARD_B_TEMP_03 | 36.9 | NORMAL
2026-06-05 05:39:32 | WARD_B_TEMP_04 | 34.6 | CRITICAL
2026-06-05 05:39:32 | WARD_B_TEMP_05 | 35.1 | CRITICAL
2026-06-05 05:39:33 | WARD_B_TEMP_01 | 35.4 | CRITICAL
2026-06-05 05:39:33 | WARD_B_TEMP_02 | 37.6 | WARNING
2026-06-05 05:39:33 | WARD_B_TEMP_03 | 34.9 | CRITICAL
2026-06-05 05:39:33 | WARD_B_TEMP_04 | 37.0 | NORMAL
2026-06-05 05:39:33 | WARD_B_TEMP_05 | 35.9 | NORMAL
2026-06-05 05:39:34 | WARD_B_TEMP_01 | 39.3 | CRITICAL
2026-06-05 05:39:34 | WARD_B_TEMP_02 | 37.3 | NORMAL
2026-06-05 05:39:34 | WARD_B_TEMP_03 | 39.3 | CRITICAL
2026-06-05 05:39:34 | WARD_B_TEMP_04 | 37.6 | WARNING
2026-06-05 05:39:34 | WARD_B_TEMP_05 | 35.9 | NORMAL
2026-06-05 05:39:35 | WARD_B_TEMP_01 | 34.8 | CRITICAL
2026-06-05 05:39:35 | WARD_B_TEMP_02 | 40.1 | CRITICAL
2026-06-05 05:39:35 | WARD_B_TEMP_03 | 40.4 | CRITICAL
2026-06-05 05:39:35 | WARD_B_TEMP_04 | 37.1 | NORMAL
2026-06-05 05:39:35 | WARD_B_TEMP_05 | 35.9 | NORMAL
2026-06-05 05:39:36 | WARD_B_TEMP_01 | 39.6 | CRITICAL
2026-06-05 05:39:36 | WARD_B_TEMP_02 | 36.3 | NORMAL
2026-06-05 05:39:36 | WARD_B_TEMP_03 | 35.7 | NORMAL
2026-06-05 05:39:36 | WARD_B_TEMP_04 | 39.6 | CRITICAL
2026-06-05 05:39:36 | WARD_B_TEMP_05 | 36.2 | NORMAL
2026-06-05 05:39:37 | WARD_B_TEMP_01 | 38.8 | CRITICAL
2026-06-05 05:39:37 | WARD_B_TEMP_02 | 37.9 | WARNING
2026-06-05 05:39:37 | WARD_B_TEMP_03 | 39.5 | CRITICAL
2026-06-05 05:39:37 | WARD_B_TEMP_04 | 38.3 | CRITICAL
2026-06-05 05:39:37 | WARD_B_TEMP_05 | 36.6 | NORMAL
2026-06-05 05:39:38 | WARD_B_TEMP_01 | 38.5 | CRITICAL
2026-06-05 05:39:38 | WARD_B_TEMP_02 | 39.0 | CRITICAL
2026-06-05 05:39:38 | WARD_B_TEMP_03 | 35.4 | CRITICAL
2026-06-05 05:39:38 | WARD_B_TEMP_04 | 35.7 | NORMAL
2026-06-05 05:39:38 | WARD_B_TEMP_05 | 36.3 | NORMAL
2026-06-05 05:39:39 | WARD_B_TEMP_01 | 36.4 | NORMAL
2026-06-05 05:39:39 | WARD_B_TEMP_02 | 36.3 | NORMAL
2026-06-05 05:39:39 | WARD_B_TEMP_03 | 40.4 | CRITICAL
2026-06-05 05:39:39 | WARD_B_TEMP_04 | 34.9 | CRITICAL
2026-06-05 05:39:39 | WARD_B_TEMP_05 | 39.4 | CRITICAL
2026-06-05 05:39:40 | WARD_B_TEMP_01 | 34.6 | CRITICAL
2026-06-05 05:39:40 | WARD_B_TEMP_02 | 39.1 | CRITICAL
2026-06-05 05:39:40 | WARD_B_TEMP_03 | 39.5 | CRITICAL
2026-06-05 05:39:40 | WARD_B_TEMP_04 | 39.3 | CRITICAL
2026-06-05 05:39:40 | WARD_B_TEMP_05 | 39.5 | CRITICAL
2026-06-05 05:39:41 | WARD_B_TEMP_01 | 39.7 | CRITICAL
2026-06-05 05:39:41 | WARD_B_TEMP_02 | 36.3 | NORMAL
2026-06-05 05:39:41 | WARD_B_TEMP_03 | 37.9 | WARNING
2026-06-05 05:39:41 | WARD_B_TEMP_04 | 35.2 | CRITICAL
2026-06-05 05:39:41 | WARD_B_TEMP_05 | 39.3 | CRITICAL
2026-06-05 05:39:42 | WARD_B_TEMP_01 | 38.9 | CRITICAL
2026-06-05 05:39:42 | WARD_B_TEMP_02 | 38.7 | CRITICAL
2026-06-05 05:39:42 | WARD_B_TEMP_03 | 38.5 | CRITICAL
2026-06-05 05:39:42 | WARD_B_TEMP_04 | 38.4 | CRITICAL
2026-06-05 05:39:42 | WARD_B_TEMP_05 | 36.7 | NORMAL
2026-06-05 05:39:43 | WARD_B_TEMP_01 | 36.7 | NORMAL
2026-06-05 05:39:43 | WARD_B_TEMP_02 | 40.2 | CRITICAL
2026-06-05 05:39:43 | WARD_B_TEMP_03 | 34.9 | CRITICAL
2026-06-05 05:39:43 | WARD_B_TEMP_04 | 40.0 | CRITICAL
2026-06-05 05:39:43 | WARD_B_TEMP_05 | 36.4 | NORMAL
2026-06-05 05:39:44 | WARD_B_TEMP_01 | 36.5 | NORMAL
2026-06-05 05:39:44 | WARD_B_TEMP_02 | 37.3 | NORMAL
2026-06-05 05:39:44 | WARD_B_TEMP_03 | 34.9 | CRITICAL
2026-06-05 05:39:44 | WARD_B_TEMP_04 | 36.1 | NORMAL
2026-06-05 05:39:44 | WARD_B_TEMP_05 | 36.9 | NORMAL
2026-06-05 05:39:45 | WARD_B_TEMP_01 | 36.2 | NORMAL
2026-06-05 05:39:45 | WARD_B_TEMP_02 | 38.5 | CRITICAL
2026-06-05 05:39:45 | WARD_B_TEMP_03 | 36.7 | NORMAL
2026-06-05 05:39:45 | WARD_B_TEMP_04 | 34.7 | CRITICAL
2026-06-05 05:39:45 | WARD_B_TEMP_05 | 36.7 | NORMAL
2026-06-05 05:39:46 | WARD_B_TEMP_01 | 37.2 | NORMAL
2026-06-05 05:39:46 | WARD_B_TEMP_02 | 39.9 | CRITICAL
2026-06-05 05:39:46 | WARD_B_TEMP_03 | 36.5 | NORMAL
2026-06-05 05:39:46 | WARD_B_TEMP_04 | 37.6 | WARNING
2026-06-05 05:39:46 | WARD_B_TEMP_05 | 40.1 | CRITICAL
2026-06-05 05:39:47 | WARD_B_TEMP_01 | 36.6 | NORMAL
2026-06-05 05:39:47 | WARD_B_TEMP_02 | 38.3 | CRITICAL
2026-06-05 05:39:47 | WARD_B_TEMP_03 | 35.2 | CRITICAL
2026-06-05 05:39:47 | WARD_B_TEMP_04 | 38.9 | CRITICAL
2026-06-05 05:39:47 | WARD_B_TEMP_05 | 34.7 | CRITICAL
2026-06-05 05:39:48 | WARD_B_TEMP_01 | 38.8 | CRITICAL
2026-06-05 05:39:48 | WARD_B_TEMP_02 | 35.6 | NORMAL
2026-06-05 05:39:48 | WARD_B_TEMP_03 | 37.1 | NORMAL
2026-06-05 05:39:48 | WARD_B_TEMP_04 | 35.6 | NORMAL
2026-06-05 05:39:48 | WARD_B_TEMP_05 | 40.4 | CRITICAL
2026-06-05 05:39:49 | WARD_B_TEMP_01 | 35.0 | CRITICAL
2026-06-05 05:39:49 | WARD_B_TEMP_02 | 37.2 | NORMAL
2026-06-05 05:39:49 | WARD_B_TEMP_03 | 38.5 | CRITICAL
2026-06-05 05:39:49 | WARD_B_TEMP_04 | 35.4 | CRITICAL
2026-06-05 05:39:49 | WARD_B_TEMP_05 | 37.2 | NORMAL
2026-06-05 05:39:50 | WARD_B_TEMP_01 | 40.3 | CRITICAL
2026-06-05 05:39:50 | WARD_B_TEMP_02 | 36.1 | NORMAL
2026-06-05 05:39:50 | WARD_B_TEMP_03 | 36.1 | NORMAL
2026-06-05 05:39:50 | WARD_B_TEMP_04 | 37.8 | WARNING
2026-06-05 05:39:50 | WARD_B_TEMP_05 | 36.4 | NORMAL
2026-06-05 05:39:51 | WARD_B_TEMP_01 | 34.9 | CRITICAL
2026-06-05 05:39:51 | WARD_B_TEMP_02 | 36.2 | NORMAL
2026-06-05 05:39:51 | WARD_B_TEMP_03 | 37.2 | NORMAL
2026-06-05 05:39:51 | WARD_B_TEMP_04 | 38.0 | WARNING
2026-06-05 05:39:51 | WARD_B_TEMP_05 | 36.7 | NORMAL
2026-06-05 05:39:52 | WARD_B_TEMP_01 | 40.0 | CRITICAL
2026-06-05 05:39:52 | WARD_B_TEMP_02 | 37.5 | WARNING
2026-06-05 05:39:52 | WARD_B_TEMP_03 | 36.0 | NORMAL
2026-06-05 05:39:52 | WARD_B_TEMP_04 | 34.7 | CRITICAL
2026-06-05 05:39:52 | WARD_B_TEMP_05 | 35.5 | NORMAL
2026-06-05 05:39:53 | WARD_B_TEMP_01 | 38.5 | CRITICAL
2026-06-05 05:39:53 | WARD_B_TEMP_02 | 40.2 | CRITICAL
2026-06-05 05:39:53 | WARD_B_TEMP_03 | 39.7 | CRITICAL
2026-06-05 05:39:53 | WARD_B_TEMP_04 | 35.8 | NORMAL
2026-06-05 05:39:53 | WARD_B_TEMP_05 | 38.6 | CRITICAL
2026-06-05 05:39:54 | WARD_B_TEMP_01 | 35.2 | CRITICAL
2026-06-05 05:39:54 | WARD_B_TEMP_02 | 37.8 | WARNING
2026-06-05 05:39:54 | WARD_B_TEMP_03 | 34.7 | CRITICAL
2026-06-05 05:39:54 | WARD_B_TEMP_04 | 37.6 | WARNING
2026-06-05 05:39:54 | WARD_B_TEMP_05 | 38.7 | CRITICAL
2026-06-05 05:39:55 | WARD_B_TEMP_01 | 36.2 | NORMAL
2026-06-05 05:39:55 | WARD_B_TEMP_02 | 38.2 | CRITICAL
2026-06-05 05:39:55 | WARD_B_TEMP_03 | 38.6 | CRITICAL
2026-06-05 05:39:55 | WARD_B_TEMP_04 | 39.6 | CRITICAL
2026-06-05 05:39:55 | WARD_B_TEMP_05 | 35.7 | NORMAL
2026-06-05 05:39:56 | WARD_B_TEMP_01 | 36.2 | NORMAL
2026-06-05 05:39:56 | WARD_B_TEMP_02 | 38.6 | CRITICAL
2026-06-05 05:39:56 | WARD_B_TEMP_03 | 38.0 | WARNING
2026-06-05 05:39:56 | WARD_B_TEMP_04 | 35.9 | NORMAL
2026-06-05 05:39:56 | WARD_B_TEMP_05 | 38.8 | CRITICAL
2026-06-05 05:39:57 | WARD_B_TEMP_01 | 40.2 | CRITICAL
2026-06-05 05:39:57 | WARD_B_TEMP_02 | 35.3 | CRITICAL
2026-06-05 05:39:57 | WARD_B_TEMP_03 | 35.4 | CRITICAL
2026-06-05 05:39:57 | WARD_B_TEMP_04 | 40.4 | CRITICAL
2026-06-05 05:39:57 | WARD_B_TEMP_05 | 36.7 | NORMAL
2026-06-05 05:39:58 | WARD_B_TEMP_01 | 35.7 | NORMAL
2026-06-05 05:39:58 | WARD_B_TEMP_02 | 39.6 | CRITICAL
2026-06-05 05:39:58 | WARD_B_TEMP_03 | 40.3 | CRITICAL
2026-06-05 05:39:58 | WARD_B_TEMP_04 | 34.9 | CRITICAL
2026-06-05 05:39:58 | WARD_B_TEMP_05 | 35.5 | NORMAL
2026-06-05 05:39:59 | WARD_B_TEMP_01 | 35.2 | CRITICAL
2026-06-05 05:39:59 | WARD_B_TEMP_02 | 34.9 | CRITICAL
2026-06-05 05:39:59 | WARD_B_TEMP_03 | 37.8 | WARNING
2026-06-05 05:39:59 | WARD_B_TEMP_04 | 39.3 | CRITICAL
2026-06-05 05:39:59 | WARD_B_TEMP_05 | 37.4 | NORMAL
2026-06-05 05:40:00 | WARD_B_TEMP_01 | 36.8 | NORMAL
2026-06-05 05:40:00 | WARD_B_TEMP_02 | 38.8 | CRITICAL
2026-06-05 05:40:00 | WARD_B_TEMP_03 | 36.7 | NORMAL
2026-06-05 05:40:00 | WARD_B_TEMP_04 | 39.4 | CRITICAL
2026-06-05 05:40:00 | WARD_B_TEMP_05 | 38.3 | CRITICAL
2026-06-05 05:40:01 | WARD_B_TEMP_01 | 39.6 | CRITICAL
2026-06-05 05:40:01 | WARD_B_TEMP_02 | 40.5 | CRITICAL
2026-06-05 05:40:01 | WARD_B_TEMP_03 | 40.3 | CRITICAL
2026-06-05 05:40:01 | WARD_B_TEMP_04 | 35.0 | CRITICAL
2026-06-05 05:40:01 | WARD_B_TEMP_05 | 36.6 | NORMAL
2026-06-05 05:40:02 | WARD_B_TEMP_01 | 38.6 | CRITICAL
2026-06-05 05:40:02 | WARD_B_TEMP_02 | 35.0 | CRITICAL
2026-06-05 05:40:02 | WARD_B_TEMP_03 | 34.5 | CRITICAL
2026-06-05 05:40:02 | WARD_B_TEMP_04 | 36.4 | NORMAL
2026-06-05 05:40:02 | WARD_B_TEMP_05 | 37.8 | WARNING
2026-06-05 05:40:03 | WARD_B_TEMP_01 | 38.6 | CRITICAL
2026-06-05 05:40:03 | WARD_B_TEMP_02 | 39.2 | CRITICAL
2026-06-05 05:40:03 | WARD_B_TEMP_03 | 40.1 | CRITICAL
2026-06-05 05:40:03 | WARD_B_TEMP_04 | 37.9 | WARNING
2026-06-05 05:40:03 | WARD_B_TEMP_05 | 36.6 | NORMAL
2026-06-05 05:40:04 | WARD_B_TEMP_01 | 39.3 | CRITICAL
2026-06-05 05:40:04 | WARD_B_TEMP_02 | 38.5 | CRITICAL
2026-06-05 05:40:04 | WARD_B_TEMP_03 | 34.6 | CRITICAL
2026-06-05 05:40:04 | WARD_B_TEMP_04 | 40.0 | CRITICAL
2026-06-05 05:40:04 | WARD_B_TEMP_05 | 39.6 | CRITICAL
2026-06-05 05:40:05 | WARD_B_TEMP_01 | 36.9 | NORMAL
2026-06-05 05:40:05 | WARD_B_TEMP_02 | 38.5 | CRITICAL
2026-06-05 05:40:05 | WARD_B_TEMP_03 | 36.4 | NORMAL
2026-06-05 05:40:05 | WARD_B_TEMP_04 | 34.7 | CRITICAL
2026-06-05 05:40:05 | WARD_B_TEMP_05 | 36.5 | NORMAL
2026-06-05 05:40:06 | WARD_B_TEMP_01 | 37.8 | WARNING
2026-06-05 05:40:06 | WARD_B_TEMP_02 | 38.5 | CRITICAL
2026-06-05 05:40:06 | WARD_B_TEMP_03 | 36.4 | NORMAL
2026-06-05 05:40:06 | WARD_B_TEMP_04 | 37.3 | NORMAL
2026-06-05 05:40:06 | WARD_B_TEMP_05 | 39.2 | CRITICAL
2026-06-05 05:40:07 | WARD_B_TEMP_01 | 36.4 | NORMAL
2026-06-05 05:40:07 | WARD_B_TEMP_02 | 37.0 | NORMAL
2026-06-05 05:40:07 | WARD_B_TEMP_03 | 37.1 | NORMAL
2026-06-05 05:40:07 | WARD_B_TEMP_04 | 35.0 | CRITICAL
2026-06-05 05:40:07 | WARD_B_TEMP_05 | 35.9 | NORMAL
2026-06-05 05:40:08 | WARD_B_TEMP_01 | 34.9 | CRITICAL
2026-06-05 05:40:08 | WARD_B_TEMP_02 | 39.3 | CRITICAL
2026-06-05 05:40:08 | WARD_B_TEMP_03 | 39.9 | CRITICAL
2026-06-05 05:40:08 | WARD_B_TEMP_04 | 39.6 | CRITICAL
2026-06-05 05:40:08 | WARD_B_TEMP_05 | 34.7 | CRITICAL
2026-06-05 05:40:09 | WARD_B_TEMP_01 | 34.8 | CRITICAL
2026-06-05 05:40:09 | WARD_B_TEMP_02 | 38.2 | CRITICAL
2026-06-05 05:40:09 | WARD_B_TEMP_03 | 40.0 | CRITICAL
2026-06-05 05:40:09 | WARD_B_TEMP_04 | 37.4 | NORMAL
2026-06-05 05:40:09 | WARD_B_TEMP_05 | 37.0 | NORMAL
2026-06-05 05:40:10 | WARD_B_TEMP_01 | 40.1 | CRITICAL
2026-06-05 05:40:10 | WARD_B_TEMP_02 | 38.1 | CRITICAL
2026-06-05 05:40:10 | WARD_B_TEMP_03 | 39.4 | CRITICAL
2026-06-05 05:40:10 | WARD_B_TEMP_04 | 36.9 | NORMAL
2026-06-05 05:40:10 | WARD_B_TEMP_05 | 35.6 | NORMAL
2026-06-05 05:40:11 | WARD_B_TEMP_01 | 38.5 | CRITICAL
2026-06-05 05:40:11 | WARD_B_TEMP_02 | 36.6 | NORMAL
2026-06-05 05:40:11 | WARD_B_TEMP_03 | 36.3 | NORMAL
2026-06-05 05:40:11 | WARD_B_TEMP_04 | 36.6 | NORMAL
2026-06-05 05:40:11 | WARD_B_TEMP_05 | 40.1 | CRITICAL
2026-06-05 05:40:12 | WARD_B_TEMP_01 | 36.5 | NORMAL
2026-06-05 05:40:12 | WARD_B_TEMP_02 | 36.2 | NORMAL
2026-06-05 05:40:12 | WARD_B_TEMP_03 | 38.4 | CRITICAL
2026-06-05 05:40:12 | WARD_B_TEMP_04 | 35.5 | NORMAL
2026-06-05 05:40:12 | WARD_B_TEMP_05 | 38.3 | CRITICAL
2026-06-05 05:40:13 | WARD_B_TEMP_01 | 39.2 | CRITICAL
2026-06-05 05:40:13 | WARD_B_TEMP_02 | 38.0 | WARNING
2026-06-05 05:40:13 | WARD_B_TEMP_03 | 39.0 | CRITICAL
2026-06-05 05:40:13 | WARD_B_TEMP_04 | 36.2 | NORMAL
2026-06-05 05:40:13 | WARD_B_TEMP_05 | 39.3 | CRITICAL
2026-06-05 05:40:14 | WARD_B_TEMP_01 | 36.7 | NORMAL
2026-06-05 05:40:14 | WARD_B_TEMP_02 | 36.7 | NORMAL
2026-06-05 05:40:14 | WARD_B_TEMP_03 | 39.2 | CRITICAL
2026-06-05 05:40:14 | WARD_B_TEMP_04 | 38.3 | CRITICAL
2026-06-05 05:40:14 | WARD_B_TEMP_05 | 37.3 | NORMAL
2026-06-05 05:40:15 | WARD_B_TEMP_01 | 34.7 | CRITICAL
2026-06-05 05:40:15 | WARD_B_TEMP_02 | 34.9 | CRITICAL
2026-06-05 05:40:15 | WARD_B_TEMP_03 | 36.6 | NORMAL
2026-06-05 05:40:15 | WARD_B_TEMP_04 | 37.9 | WARNING
2026-06-05 05:40:15 | WARD_B_TEMP_05 | 35.1 | CRITICAL
2026-06-05 05:40:16 | WARD_B_TEMP_01 | 35.1 | CRITICAL
2026-06-05 05:40:16 | WARD_B_TEMP_02 | 34.5 | CRITICAL
2026-06-05 05:40:16 | WARD_B_TEMP_03 | 39.5 | CRITICAL
2026-06-05 05:40:16 | WARD_B_TEMP_04 | 36.8 | NORMAL
2026-06-05 05:40:16 | WARD_B_TEMP_05 | 36.2 | NORMAL
2026-06-05 05:40:17 | WARD_B_TEMP_01 | 39.1 | CRITICAL
2026-06-05 05:40:17 | WARD_B_TEMP_02 | 35.0 | CRITICAL
2026-06-05 05:40:17 | WARD_B_TEMP_03 | 36.5 | NORMAL
2026-06-05 05:40:17 | WARD_B_TEMP_04 | 35.1 | CRITICAL
2026-06-05 05:40:17 | WARD_B_TEMP_05 | 39.9 | CRITICAL
2026-06-05 05:40:18 | WARD_B_TEMP_01 | 39.6 | CRITICAL
2026-06-05 05:40:18 | WARD_B_TEMP_02 | 35.2 | CRITICAL
2026-06-05 05:40:18 | WARD_B_TEMP_03 | 39.0 | CRITICAL
2026-06-05 05:40:18 | WARD_B_TEMP_04 | 39.2 | CRITICAL
2026-06-05 05:40:18 | WARD_B_TEMP_05 | 39.7 | CRITICAL
2026-06-05 05:40:19 | WARD_B_TEMP_01 | 39.1 | CRITICAL
2026-06-05 05:40:19 | WARD_B_TEMP_02 | 38.8 | CRITICAL
2026-06-05 05:40:19 | WARD_B_TEMP_03 | 35.8 | NORMAL
2026-06-05 05:40:19 | WARD_B_TEMP_04 | 35.0 | CRITICAL
2026-06-05 05:40:19 | WARD_B_TEMP_05 | 39.8 | CRITICAL
2026-06-05 05:40:20 | WARD_B_TEMP_01 | 39.2 | CRITICAL
2026-06-05 05:40:20 | WARD_B_TEMP_02 | 40.0 | CRITICAL
2026-06-05 05:40:20 | WARD_B_TEMP_03 | 34.5 | CRITICAL
2026-06-05 05:40:20 | WARD_B_TEMP_04 | 34.9 | CRITICAL
2026-06-05 05:40:20 | WARD_B_TEMP_05 | 37.5 | WARNING
2026-06-05 05:40:21 | WARD_B_TEMP_01 | 38.0 | WARNING
2026-06-05 05:40:21 | WARD_B_TEMP_02 | 40.2 | CRITICAL
2026-06-05 05:40:21 | WARD_B_TEMP_03 | 39.6 | CRITICAL
2026-06-05 05:40:21 | WARD_B_TEMP_04 | 35.6 | NORMAL
2026-06-05 05:40:21 | WARD_B_TEMP_05 | 38.1 | CRITICAL
2026-06-05 05:40:22 | WARD_B_TEMP_01 | 35.3 | CRITICAL
2026-06-05 05:40:22 | WARD_B_TEMP_02 | 37.6 | WARNING
2026-06-05 05:40:22 | WARD_B_TEMP_03 | 40.0 | CRITICAL
2026-06-05 05:40:22 | WARD_B_TEMP_04 | 40.5 | CRITICAL
2026-06-05 05:40:22 | WARD_B_TEMP_05 | 37.3 | NORMAL
2026-06-05 05:40:23 | WARD_B_TEMP_01 | 37.7 | WARNING
2026-06-05 05:40:23 | WARD_B_TEMP_02 | 35.4 | CRITICAL
2026-06-05 05:40:23 | WARD_B_TEMP_03 | 37.9 | WARNING
2026-06-05 05:40:23 | WARD_B_TEMP_04 | 36.5 | NORMAL
2026-06-05 05:40:23 | WARD_B_TEMP_05 | 35.9 | NORMAL
2026-06-05 05:40:24 | WARD_B_TEMP_01 | 38.0 | WARNING
2026-06-05 05:40:24 | WARD_B_TEMP_02 | 35.9 | NORMAL
2026-06-05 05:40:24 | WARD_B_TEMP_03 | 38.4 | CRITICAL
2026-06-05 05:40:24 | WARD_B_TEMP_04 | 39.1 | CRITICAL
2026-06-05 05:40:24 | WARD_B_TEMP_05 | 35.7 | NORMAL
2026-06-05 05:40:25 | WARD_B_TEMP_01 | 39.5 | CRITICAL
2026-06-05 05:40:25 | WARD_B_TEMP_02 | 37.3 | NORMAL
2026-06-05 05:40:25 | WARD_B_TEMP_03 | 39.9 | CRITICAL
2026-06-05 05:40:25 | WARD_B_TEMP_04 | 35.8 | NORMAL
2026-06-05 05:40:25 | WARD_B_TEMP_05 | 39.2 | CRITICAL
2026-06-05 05:40:26 | WARD_B_TEMP_01 | 35.0 | CRITICAL
2026-06-05 05:40:26 | WARD_B_TEMP_02 | 38.2 | CRITICAL
2026-06-05 05:40:26 | WARD_B_TEMP_03 | 39.9 | CRITICAL
2026-06-05 05:40:26 | WARD_B_TEMP_04 | 35.6 | NORMAL
2026-06-05 05:40:26 | WARD_B_TEMP_05 | 37.9 | WARNING
2026-06-05 05:40:27 | WARD_B_TEMP_01 | 39.1 | CRITICAL
2026-06-05 05:40:27 | WARD_B_TEMP_02 | 34.5 | CRITICAL
2026-06-05 05:40:27 | WARD_B_TEMP_03 | 39.7 | CRITICAL
2026-06-05 05:40:27 | WARD_B_TEMP_04 | 35.1 | CRITICAL
2026-06-05 05:40:27 | WARD_B_TEMP_05 | 39.6 | CRITICAL
2026-06-05 05:40:28 | WARD_B_TEMP_01 | 39.7 | CRITICAL
2026-06-05 05:40:28 | WARD_B_TEMP_02 | 35.0 | CRITICAL
2026-06-05 05:40:28 | WARD_B_TEMP_03 | 39.9 | CRITICAL
2026-06-05 05:40:28 | WARD_B_TEMP_04 | 39.4 | CRITICAL
2026-06-05 05:40:28 | WARD_B_TEMP_05 | 40.1 | CRITICAL
2026-06-05 05:40:29 | WARD_B_TEMP_01 | 40.2 | CRITICAL
2026-06-05 05:40:29 | WARD_B_TEMP_02 | 36.5 | NORMAL
2026-06-05 05:40:29 | WARD_B_TEMP_03 | 37.2 | NORMAL
2026-06-05 05:40:29 | WARD_B_TEMP_04 | 35.9 | NORMAL
2026-06-05 05:40:29 | WARD_B_TEMP_05 | 35.6 | NORMAL
2026-06-05 05:40:30 | WARD_B_TEMP_01 | 39.5 | CRITICAL
2026-06-05 05:40:30 | WARD_B_TEMP_02 | 39.5 | CRITICAL
2026-06-05 05:40:30 | WARD_B_TEMP_03 | 36.9 | NORMAL
2026-06-05 05:40:30 | WARD_B_TEMP_04 | 35.4 | CRITICAL
2026-06-05 05:40:30 | WARD_B_TEMP_05 | 35.2 | CRITICAL
2026-06-05 05:40:31 | WARD_B_TEMP_01 | 36.0 | NORMAL
2026-06-05 05:40:31 | WARD_B_TEMP_02 | 39.1 | CRITICAL
2026-06-05 05:40:31 | WARD_B_TEMP_03 | 34.6 | CRITICAL
2026-06-05 05:40:31 | WARD_B_TEMP_04 | 35.0 | CRITICAL
2026-06-05 05:40:31 | WARD_B_TEMP_05 | 35.0 | CRITICAL
2026-06-05 05:40:32 | WARD_B_TEMP_01 | 38.5 | CRITICAL
2026-06-05 05:40:32 | WARD_B_TEMP_02 | 37.5 | WARNING
2026-06-05 05:40:32 | WARD_B_TEMP_03 | 38.7 | CRITICAL
2026-06-05 05:40:32 | WARD_B_TEMP_04 | 38.4 | CRITICAL
2026-06-05 05:40:32 | WARD_B_TEMP_05 | 40.0 | CRITICAL
2026-06-05 05:40:33 | WARD_B_TEMP_01 | 36.4 | NORMAL
2026-06-05 05:40:33 | WARD_B_TEMP_02 | 34.7 | CRITICAL
2026-06-05 05:40:33 | WARD_B_TEMP_03 | 39.7 | CRITICAL
2026-06-05 05:40:33 | WARD_B_TEMP_04 | 39.6 | CRITICAL
2026-06-05 05:40:33 | WARD_B_TEMP_05 | 39.5 | CRITICAL
2026-06-05 05:40:34 | WARD_B_TEMP_01 | 40.4 | CRITICAL
2026-06-05 05:40:34 | WARD_B_TEMP_02 | 39.1 | CRITICAL
2026-06-05 05:40:34 | WARD_B_TEMP_03 | 39.7 | CRITICAL
2026-06-05 05:40:34 | WARD_B_TEMP_04 | 37.7 | WARNING
2026-06-05 05:40:34 | WARD_B_TEMP_05 | 39.1 | CRITICAL
2026-06-05 05:40:35 | WARD_B_TEMP_01 | 35.4 | CRITICAL
2026-06-05 05:40:35 | WARD_B_TEMP_02 | 38.8 | CRITICAL
2026-06-05 05:40:35 | WARD_B_TEMP_03 | 40.1 | CRITICAL
2026-06-05 05:40:35 | WARD_B_TEMP_04 | 37.1 | NORMAL
2026-06-05 05:40:35 | WARD_B_TEMP_05 | 37.4 | NORMAL
2026-06-05 05:40:36 | WARD_B_TEMP_01 | 39.9 | CRITICAL
2026-06-05 05:40:36 | WARD_B_TEMP_02 | 38.1 | CRITICAL
2026-06-05 05:40:36 | WARD_B_TEMP_03 | 34.5 | CRITICAL
2026-06-05 05:40:36 | WARD_B_TEMP_04 | 39.9 | CRITICAL
2026-06-05 05:40:36 | WARD_B_TEMP_05 | 36.3 | NORMAL
2026-06-05 05:40:37 | WARD_B_TEMP_01 | 38.4 | CRITICAL
2026-06-05 05:40:37 | WARD_B_TEMP_02 | 34.6 | CRITICAL
2026-06-05 05:40:37 | WARD_B_TEMP_03 | 38.1 | CRITICAL
2026-06-05 05:40:37 | WARD_B_TEMP_04 | 36.7 | NORMAL
2026-06-05 05:40:37 | WARD_B_TEMP_05 | 40.3 | CRITICAL
2026-06-05 05:40:38 | WARD_B_TEMP_01 | 38.9 | CRITICAL
2026-06-05 05:40:38 | WARD_B_TEMP_02 | 37.6 | WARNING
2026-06-05 05:40:38 | WARD_B_TEMP_03 | 35.4 | CRITICAL
2026-06-05 05:40:38 | WARD_B_TEMP_04 | 37.7 | WARNING
2026-06-05 05:40:38 | WARD_B_TEMP_05 | 40.4 | CRITICAL
2026-06-05 05:40:39 | WARD_B_TEMP_01 | 36.6 | NORMAL
2026-06-05 05:40:39 | WARD_B_TEMP_02 | 36.9 | NORMAL
2026-06-05 05:40:39 | WARD_B_TEMP_03 | 39.3 | CRITICAL
2026-06-05 05:40:39 | WARD_B_TEMP_04 | 35.6 | NORMAL
2026-06-05 05:40:39 | WARD_B_TEMP_05 | 34.8 | CRITICAL
2026-06-05 05:40:40 | WARD_B_TEMP_01 | 35.7 | NORMAL
2026-06-05 05:40:40 | WARD_B_TEMP_02 | 37.9 | WARNING
2026-06-05 05:40:40 | WARD_B_TEMP_03 | 40.4 | CRITICAL
2026-06-05 05:40:40 | WARD_B_TEMP_04 | 40.0 | CRITICAL
2026-06-05 05:40:40 | WARD_B_TEMP_05 | 35.6 | NORMAL
2026-06-05 05:40:41 | WARD_B_TEMP_01 | 40.4 | CRITICAL
2026-06-05 05:40:41 | WARD_B_TEMP_02 | 36.0 | NORMAL
2026-06-05 05:40:41 | WARD_B_TEMP_03 | 38.0 | WARNING
2026-06-05 05:40:41 | WARD_B_TEMP_04 | 39.6 | CRITICAL
2026-06-05 05:40:41 | WARD_B_TEMP_05 | 36.2 | NORMAL
2026-06-05 05:40:42 | WARD_B_TEMP_01 | 34.7 | CRITICAL
2026-06-05 05:40:42 | WARD_B_TEMP_02 | 36.9 | NORMAL
2026-06-05 05:40:42 | WARD_B_TEMP_03 | 35.8 | NORMAL
2026-06-05 05:40:42 | WARD_B_TEMP_04 | 36.7 | NORMAL
2026-06-05 05:40:42 | WARD_B_TEMP_05 | 39.3 | CRITICAL
2026-06-05 05:40:43 | WARD_B_TEMP_01 | 36.1 | NORMAL
2026-06-05 05:40:43 | WARD_B_TEMP_02 | 39.5 | CRITICAL
2026-06-05 05:40:43 | WARD_B_TEMP_03 | 38.6 | CRITICAL
2026-06-05 05:40:43 | WARD_B_TEMP_04 | 34.8 | CRITICAL
2026-06-05 05:40:43 | WARD_B_TEMP_05 | 39.8 | CRITICAL
2026-06-05 05:40:44 | WARD_B_TEMP_01 | 35.0 | CRITICAL
2026-06-05 05:40:44 | WARD_B_TEMP_02 | 38.0 | WARNING
2026-06-05 05:40:44 | WARD_B_TEMP_03 | 36.5 | NORMAL
2026-06-05 05:40:44 | WARD_B_TEMP_04 | 36.2 | NORMAL
2026-06-05 05:40:44 | WARD_B_TEMP_05 | 37.7 | WARNING
2026-06-05 05:40:45 | WARD_B_TEMP_01 | 36.7 | NORMAL
2026-06-05 05:40:45 | WARD_B_TEMP_02 | 38.6 | CRITICAL
2026-06-05 05:40:45 | WARD_B_TEMP_03 | 37.1 | NORMAL
2026-06-05 05:40:45 | WARD_B_TEMP_04 | 38.1 | CRITICAL
2026-06-05 05:40:45 | WARD_B_TEMP_05 | 38.7 | CRITICAL
2026-06-05 05:40:46 | WARD_B_TEMP_01 | 39.1 | CRITICAL
2026-06-05 05:40:46 | WARD_B_TEMP_02 | 36.9 | NORMAL
2026-06-05 05:40:46 | WARD_B_TEMP_03 | 40.1 | CRITICAL
2026-06-05 05:40:46 | WARD_B_TEMP_04 | 40.4 | CRITICAL
2026-06-05 05:40:46 | WARD_B_TEMP_05 | 36.1 | NORMAL
2026-06-05 05:40:47 | WARD_B_TEMP_01 | 39.4 | CRITICAL
2026-06-05 05:40:47 | WARD_B_TEMP_02 | 35.1 | CRITICAL
2026-06-05 05:40:47 | WARD_B_TEMP_03 | 35.6 | NORMAL
2026-06-05 05:40:47 | WARD_B_TEMP_04 | 38.9 | CRITICAL
2026-06-05 05:40:47 | WARD_B_TEMP_05 | 40.1 | CRITICAL
2026-06-05 05:40:48 | WARD_B_TEMP_01 | 36.2 | NORMAL
2026-06-05 05:40:48 | WARD_B_TEMP_02 | 35.1 | CRITICAL
2026-06-05 05:40:48 | WARD_B_TEMP_03 | 38.8 | CRITICAL
2026-06-05 05:40:48 | WARD_B_TEMP_04 | 35.7 | NORMAL
2026-06-05 05:40:48 | WARD_B_TEMP_05 | 34.8 | CRITICAL
2026-06-05 05:40:49 | WARD_B_TEMP_01 | 37.5 | WARNING
2026-06-05 05:40:49 | WARD_B_TEMP_02 | 37.0 | NORMAL
2026-06-05 05:40:49 | WARD_B_TEMP_03 | 36.7 | NORMAL
2026-06-05 05:40:49 | WARD_B_TEMP_04 | 38.9 | CRITICAL
2026-06-05 05:40:49 | WARD_B_TEMP_05 | 35.5 | NORMAL
2026-06-05 05:40:50 | WARD_B_TEMP_01 | 36.9 | NORMAL
2026-06-05 05:40:50 | WARD_B_TEMP_02 | 36.4 | NORMAL
2026-06-05 05:40:50 | WARD_B_TEMP_03 | 37.2 | NORMAL
2026-06-05 05:40:50 | WARD_B_TEMP_04 | 36.2 | NORMAL
2026-06-05 05:40:50 | WARD_B_TEMP_05 | 40.1 | CRITICAL
2026-06-05 05:40:51 | WARD_B_TEMP_01 | 35.5 | NORMAL
2026-06-05 05:40:51 | WARD_B_TEMP_02 | 35.3 | CRITICAL
2026-06-05 05:40:51 | WARD_B_TEMP_03 | 36.6 | NORMAL
2026-06-05 05:40:51 | WARD_B_TEMP_04 | 39.7 | CRITICAL
2026-06-05 05:40:51 | WARD_B_TEMP_05 | 38.2 | CRITICAL
2026-06-05 05:40:52 | WARD_B_TEMP_01 | 38.5 | CRITICAL
2026-06-05 05:40:52 | WARD_B_TEMP_02 | 39.3 | CRITICAL
2026-06-05 05:40:52 | WARD_B_TEMP_03 | 35.7 | NORMAL
2026-06-05 05:40:52 | WARD_B_TEMP_04 | 35.2 | CRITICAL
2026-06-05 05:40:52 | WARD_B_TEMP_05 | 37.0 | NORMAL
2026-06-05 05:40:53 | WARD_B_TEMP_01 | 35.3 | CRITICAL
2026-06-05 05:40:53 | WARD_B_TEMP_02 | 40.2 | CRITICAL
2026-06-05 05:40:53 | WARD_B_TEMP_03 | 37.8 | WARNING
2026-06-05 05:40:53 | WARD_B_TEMP_04 | 40.3 | CRITICAL
2026-06-05 05:40:53 | WARD_B_TEMP_05 | 39.6 | CRITICAL
2026-06-05 05:40:54 | WARD_B_TEMP_01 | 37.3 | NORMAL
2026-06-05 05:40:54 | WARD_B_TEMP_02 | 38.8 | CRITICAL
2026-06-05 05:40:54 | WARD_B_TEMP_03 | 38.1 | CRITICAL
2026-06-05 05:40:54 | WARD_B_TEMP_04 | 37.1 | NORMAL
2026-06-05 05:40:54 | WARD_B_TEMP_05 | 38.1 | CRITICAL
2026-06-05 05:40:55 | WARD_B_TEMP_01 | 38.7 | CRITICAL
2026-06-05 05:40:55 | WARD_B_TEMP_02 | 36.2 | NORMAL
2026-06-05 05:40:55 | WARD_B_TEMP_03 | 38.0 | WARNING
2026-06-05 05:40:55 | WARD_B_TEMP_04 | 34.7 | CRITICAL
2026-06-05 05:40:55 | WARD_B_TEMP_05 | 39.5 | CRITICAL
2026-06-05 05:40:56 | WARD_B_TEMP_01 | 38.1 | CRITICAL
2026-06-05 05:40:56 | WARD_B_TEMP_02 | 38.8 | CRITICAL
2026-06-05 05:40:56 | WARD_B_TEMP_03 | 35.1 | CRITICAL
2026-06-05 05:40:56 | WARD_B_TEMP_04 | 34.7 | CRITICAL
2026-06-05 05:40:56 | WARD_B_TEMP_05 | 35.4 | CRITICAL
2026-06-05 05:40:57 | WARD_B_TEMP_01 | 39.2 | CRITICAL
2026-06-05 05:40:57 | WARD_B_TEMP_02 | 40.3 | CRITICAL
2026-06-05 05:40:57 | WARD_B_TEMP_03 | 36.5 | NORMAL
2026-06-05 05:40:57 | WARD_B_TEMP_04 | 37.3 | NORMAL
2026-06-05 05:40:57 | WARD_B_TEMP_05 | 38.7 | CRITICAL
2026-06-05 05:40:58 | WARD_B_TEMP_01 | 37.5 | WARNING
2026-06-05 05:40:58 | WARD_B_TEMP_02 | 36.1 | NORMAL
2026-06-05 05:40:58 | WARD_B_TEMP_03 | 36.5 | NORMAL
2026-06-05 05:40:58 | WARD_B_TEMP_04 | 39.1 | CRITICAL
2026-06-05 05:40:58 | WARD_B_TEMP_05 | 34.8 | CRITICAL
2026-06-05 05:40:59 | WARD_B_TEMP_01 | 37.0 | NORMAL
2026-06-05 05:40:59 | WARD_B_TEMP_02 | 38.3 | CRITICAL
2026-06-05 05:40:59 | WARD_B_TEMP_03 | 35.4 | CRITICAL
2026-06-05 05:40:59 | WARD_B_TEMP_04 | 37.9 | WARNING
2026-06-05 05:40:59 | WARD_B_TEMP_05 | 39.5 | CRITICAL
2026-06-05 05:41:00 | WARD_B_TEMP_01 | 38.1 | CRITICAL
2026-06-05 05:41:00 | WARD_B_TEMP_02 | 40.1 | CRITICAL
2026-06-05 05:41:00 | WARD_B_TEMP_03 | 37.3 | NORMAL
2026-06-05 05:41:00 | WARD_B_TEMP_04 | 40.5 | CRITICAL
2026-06-05 05:41:00 | WARD_B_TEMP_05 | 38.4 | CRITICAL
2026-06-05 05:41:01 | WARD_B_TEMP_01 | 38.5 | CRITICAL
2026-06-05 05:41:01 | WARD_B_TEMP_02 | 37.9 | WARNING
2026-06-05 05:41:01 | WARD_B_TEMP_03 | 36.3 | NORMAL
2026-06-05 05:41:01 | WARD_B_TEMP_04 | 40.1 | CRITICAL
2026-06-05 05:41:01 | WARD_B_TEMP_05 | 35.1 | CRITICAL
2026-06-05 05:41:02 | WARD_B_TEMP_01 | 37.9 | WARNING
2026-06-05 05:41:02 | WARD_B_TEMP_02 | 38.9 | CRITICAL
2026-06-05 05:41:02 | WARD_B_TEMP_03 | 35.2 | CRITICAL
2026-06-05 05:41:02 | WARD_B_TEMP_04 | 35.4 | CRITICAL
2026-06-05 05:41:02 | WARD_B_TEMP_05 | 37.7 | WARNING
2026-06-05 05:41:03 | WARD_B_TEMP_01 | 39.4 | CRITICAL
2026-06-05 05:41:03 | WARD_B_TEMP_02 | 39.9 | CRITICAL
2026-06-05 05:41:03 | WARD_B_TEMP_03 | 37.7 | WARNING
2026-06-05 05:41:03 | WARD_B_TEMP_04 | 38.3 | CRITICAL
2026-06-05 05:41:03 | WARD_B_TEMP_05 | 38.9 | CRITICAL
2026-06-05 05:41:04 | WARD_B_TEMP_01 | 37.2 | NORMAL
2026-06-05 05:41:04 | WARD_B_TEMP_02 | 34.7 | CRITICAL
2026-06-05 05:41:04 | WARD_B_TEMP_03 | 36.6 | NORMAL
2026-06-05 05:41:04 | WARD_B_TEMP_04 | 35.5 | NORMAL
2026-06-05 05:41:04 | WARD_B_TEMP_05 | 36.3 | NORMAL
2026-06-05 05:41:05 | WARD_B_TEMP_01 | 34.8 | CRITICAL
2026-06-05 05:41:05 | WARD_B_TEMP_02 | 39.4 | CRITICAL
2026-06-05 05:41:05 | WARD_B_TEMP_03 | 40.0 | CRITICAL
2026-06-05 05:41:05 | WARD_B_TEMP_04 | 34.9 | CRITICAL
2026-06-05 05:41:05 | WARD_B_TEMP_05 | 38.9 | CRITICAL
2026-06-05 05:41:06 | WARD_B_TEMP_01 | 38.0 | WARNING
2026-06-05 05:41:06 | WARD_B_TEMP_02 | 39.6 | CRITICAL
2026-06-05 05:41:06 | WARD_B_TEMP_03 | 36.3 | NORMAL
2026-06-05 05:41:06 | WARD_B_TEMP_04 | 34.7 | CRITICAL
2026-06-05 05:41:06 | WARD_B_TEMP_05 | 38.8 | CRITICAL
2026-06-05 05:41:07 | WARD_B_TEMP_01 | 35.1 | CRITICAL
2026-06-05 05:41:07 | WARD_B_TEMP_02 | 36.4 | NORMAL
2026-06-05 05:41:07 | WARD_B_TEMP_03 | 39.1 | CRITICAL
2026-06-05 05:41:07 | WARD_B_TEMP_04 | 34.7 | CRITICAL
2026-06-05 05:41:07 | WARD_B_TEMP_05 | 35.6 | NORMAL
2026-06-05 05:41:08 | WARD_B_TEMP_01 | 40.0 | CRITICAL
2026-06-05 05:41:08 | WARD_B_TEMP_02 | 34.7 | CRITICAL
2026-06-05 05:41:08 | WARD_B_TEMP_03 | 34.8 | CRITICAL
2026-06-05 05:41:08 | WARD_B_TEMP_04 | 39.3 | CRITICAL
2026-06-05 05:41:08 | WARD_B_TEMP_05 | 36.1 | NORMAL
2026-06-05 05:41:09 | WARD_B_TEMP_01 | 39.2 | CRITICAL
2026-06-05 05:41:09 | WARD_B_TEMP_02 | 36.1 | NORMAL
2026-06-05 05:41:09 | WARD_B_TEMP_03 | 36.5 | NORMAL
2026-06-05 05:41:09 | WARD_B_TEMP_04 | 39.4 | CRITICAL
2026-06-05 05:41:09 | WARD_B_TEMP_05 | 40.1 | CRITICAL
2026-06-05 05:41:10 | WARD_B_TEMP_01 | 37.6 | WARNING
2026-06-05 05:41:10 | WARD_B_TEMP_02 | 36.0 | NORMAL
2026-06-05 05:41:10 | WARD_B_TEMP_03 | 37.3 | NORMAL
2026-06-05 05:41:10 | WARD_B_TEMP_04 | 37.1 | NORMAL
2026-06-05 05:41:10 | WARD_B_TEMP_05 | 35.1 | CRITICAL
2026-06-05 05:41:11 | WARD_B_TEMP_01 | 38.4 | CRITICAL
2026-06-05 05:41:11 | WARD_B_TEMP_02 | 34.5 | CRITICAL
2026-06-05 05:41:11 | WARD_B_TEMP_03 | 37.2 | NORMAL
2026-06-05 05:41:11 | WARD_B_TEMP_04 | 38.2 | CRITICAL
2026-06-05 05:41:11 | WARD_B_TEMP_05 | 36.6 | NORMAL
2026-06-05 05:41:12 | WARD_B_TEMP_01 | 38.3 | CRITICAL
2026-06-05 05:41:12 | WARD_B_TEMP_02 | 35.4 | CRITICAL
2026-06-05 05:41:12 | WARD_B_TEMP_03 | 36.3 | NORMAL
2026-06-05 05:41:12 | WARD_B_TEMP_04 | 37.8 | WARNING
2026-06-05 05:41:12 | WARD_B_TEMP_05 | 39.3 | CRITICAL
2026-06-05 05:41:13 | WARD_B_TEMP_01 | 39.9 | CRITICAL
2026-06-05 05:41:13 | WARD_B_TEMP_02 | 37.4 | NORMAL
2026-06-05 05:41:13 | WARD_B_TEMP_03 | 37.8 | WARNING
2026-06-05 05:41:13 | WARD_B_TEMP_04 | 37.3 | NORMAL
2026-06-05 05:41:13 | WARD_B_TEMP_05 | 34.6 | CRITICAL
2026-06-05 05:41:14 | WARD_B_TEMP_01 | 35.8 | NORMAL
2026-06-05 05:41:14 | WARD_B_TEMP_02 | 37.5 | WARNING
2026-06-05 05:41:14 | WARD_B_TEMP_03 | 39.6 | CRITICAL
2026-06-05 05:41:14 | WARD_B_TEMP_04 | 35.0 | CRITICAL
2026-06-05 05:41:14 | WARD_B_TEMP_05 | 36.1 | NORMAL
2026-06-05 05:41:15 | WARD_B_TEMP_01 | 34.7 | CRITICAL
2026-06-05 05:41:15 | WARD_B_TEMP_02 | 35.3 | CRITICAL
2026-06-05 05:41:15 | WARD_B_TEMP_03 | 39.4 | CRITICAL
2026-06-05 05:41:15 | WARD_B_TEMP_04 | 38.6 | CRITICAL
2026-06-05 05:41:15 | WARD_B_TEMP_05 | 35.1 | CRITICAL
2026-06-05 05:41:16 | WARD_B_TEMP_01 | 35.1 | CRITICAL
2026-06-05 05:41:16 | WARD_B_TEMP_02 | 36.5 | NORMAL
2026-06-05 05:41:16 | WARD_B_TEMP_03 | 40.0 | CRITICAL
2026-06-05 05:41:16 | WARD_B_TEMP_04 | 34.6 | CRITICAL
2026-06-05 05:41:16 | WARD_B_TEMP_05 | 39.7 | CRITICAL
2026-06-05 05:41:17 | WARD_B_TEMP_01 | 36.6 | NORMAL
2026-06-05 05:41:17 | WARD_B_TEMP_02 | 36.3 | NORMAL
2026-06-05 05:41:17 | WARD_B_TEMP_03 | 39.6 | CRITICAL
2026-06-05 05:41:17 | WARD_B_TEMP_04 | 37.2 | NORMAL
2026-06-05 05:41:17 | WARD_B_TEMP_05 | 40.3 | CRITICAL
2026-06-05 05:41:18 | WARD_B_TEMP_01 | 38.4 | CRITICAL
2026-06-05 05:41:18 | WARD_B_TEMP_02 | 39.7 | CRITICAL
2026-06-05 05:41:18 | WARD_B_TEMP_03 | 39.5 | CRITICAL
2026-06-05 05:41:18 | WARD_B_TEMP_04 | 37.5 | WARNING
2026-06-05 05:41:18 | WARD_B_TEMP_05 | 38.9 | CRITICAL
2026-06-05 05:41:19 | WARD_B_TEMP_01 | 35.8 | NORMAL
2026-06-05 05:41:19 | WARD_B_TEMP_02 | 38.6 | CRITICAL
2026-06-05 05:41:19 | WARD_B_TEMP_03 | 37.5 | WARNING
2026-06-05 05:41:19 | WARD_B_TEMP_04 | 36.2 | NORMAL
2026-06-05 05:41:19 | WARD_B_TEMP_05 | 35.3 | CRITICAL
2026-06-05 05:41:20 | WARD_B_TEMP_01 | 37.2 | NORMAL
2026-06-05 05:41:20 | WARD_B_TEMP_02 | 37.6 | WARNING
2026-06-05 05:41:20 | WARD_B_TEMP_03 | 35.4 | CRITICAL
2026-06-05 05:41:20 | WARD_B_TEMP_04 | 35.9 | NORMAL
2026-06-05 05:41:20 | WARD_B_TEMP_05 | 36.3 | NORMAL
2026-06-05 05:41:21 | WARD_B_TEMP_01 | 37.1 | NORMAL
2026-06-05 05:41:21 | WARD_B_TEMP_02 | 35.9 | NORMAL
2026-06-05 05:41:21 | WARD_B_TEMP_03 | 34.6 | CRITICAL
2026-06-05 05:41:21 | WARD_B_TEMP_04 | 38.3 | CRITICAL
2026-06-05 05:41:21 | WARD_B_TEMP_05 | 37.9 | WARNING
2026-06-05 05:41:22 | WARD_B_TEMP_01 | 39.2 | CRITICAL
2026-06-05 05:41:22 | WARD_B_TEMP_02 | 35.7 | NORMAL
2026-06-05 05:41:22 | WARD_B_TEMP_03 | 35.7 | NORMAL
2026-06-05 05:41:22 | WARD_B_TEMP_04 | 36.8 | NORMAL
2026-06-05 05:41:22 | WARD_B_TEMP_05 | 36.0 | NORMAL
2026-06-05 05:41:23 | WARD_B_TEMP_01 | 37.1 | NORMAL
2026-06-05 05:41:23 | WARD_B_TEMP_02 | 39.7 | CRITICAL
2026-06-05 05:41:23 | WARD_B_TEMP_03 | 38.7 | CRITICAL
2026-06-05 05:41:23 | WARD_B_TEMP_04 | 36.9 | NORMAL
2026-06-05 05:41:23 | WARD_B_TEMP_05 | 38.3 | CRITICAL
2026-06-05 05:41:24 | WARD_B_TEMP_01 | 38.3 | CRITICAL
2026-06-05 05:41:24 | WARD_B_TEMP_02 | 38.3 | CRITICAL
2026-06-05 05:41:24 | WARD_B_TEMP_03 | 35.8 | NORMAL
2026-06-05 05:41:24 | WARD_B_TEMP_04 | 37.4 | NORMAL
2026-06-05 05:41:24 | WARD_B_TEMP_05 | 38.7 | CRITICAL
2026-06-05 05:41:25 | WARD_B_TEMP_01 | 35.6 | NORMAL
2026-06-05 05:41:25 | WARD_B_TEMP_02 | 36.4 | NORMAL
2026-06-05 05:41:25 | WARD_B_TEMP_03 | 37.2 | NORMAL
2026-06-05 05:41:25 | WARD_B_TEMP_04 | 38.8 | CRITICAL
2026-06-05 05:41:25 | WARD_B_TEMP_05 | 38.2 | CRITICAL
2026-06-05 05:41:26 | WARD_B_TEMP_01 | 35.1 | CRITICAL
2026-06-05 05:41:26 | WARD_B_TEMP_02 | 38.8 | CRITICAL
2026-06-05 05:41:26 | WARD_B_TEMP_03 | 38.6 | CRITICAL
2026-06-05 05:41:26 | WARD_B_TEMP_04 | 36.3 | NORMAL
2026-06-05 05:41:26 | WARD_B_TEMP_05 | 39.0 | CRITICAL
2026-06-05 05:41:27 | WARD_B_TEMP_01 | 35.1 | CRITICAL
2026-06-05 05:41:27 | WARD_B_TEMP_02 | 40.1 | CRITICAL
2026-06-05 05:41:27 | WARD_B_TEMP_03 | 34.5 | CRITICAL
2026-06-05 05:41:27 | WARD_B_TEMP_04 | 38.7 | CRITICAL
2026-06-05 05:41:27 | WARD_B_TEMP_05 | 40.1 | CRITICAL
2026-06-05 05:41:28 | WARD_B_TEMP_01 | 38.3 | CRITICAL
2026-06-05 05:41:28 | WARD_B_TEMP_02 | 34.8 | CRITICAL
2026-06-05 05:41:28 | WARD_B_TEMP_03 | 37.9 | WARNING
2026-06-05 05:41:28 | WARD_B_TEMP_04 | 35.4 | CRITICAL
2026-06-05 05:41:28 | WARD_B_TEMP_05 | 35.2 | CRITICAL
2026-06-05 05:41:29 | WARD_B_TEMP_01 | 35.4 | CRITICAL
2026-06-05 05:41:29 | WARD_B_TEMP_02 | 40.1 | CRITICAL
2026-06-05 05:41:29 | WARD_B_TEMP_03 | 40.3 | CRITICAL
2026-06-05 05:41:29 | WARD_B_TEMP_04 | 35.9 | NORMAL
2026-06-05 05:41:29 | WARD_B_TEMP_05 | 36.5 | NORMAL
2026-06-05 05:41:30 | WARD_B_TEMP_01 | 35.2 | CRITICAL
2026-06-05 05:41:30 | WARD_B_TEMP_02 | 37.9 | WARNING
2026-06-05 05:41:30 | WARD_B_TEMP_03 | 38.9 | CRITICAL
2026-06-05 05:41:30 | WARD_B_TEMP_04 | 39.4 | CRITICAL
2026-06-05 05:41:30 | WARD_B_TEMP_05 | 40.1 | CRITICAL
2026-06-05 05:41:31 | WARD_B_TEMP_01 | 35.1 | CRITICAL
2026-06-05 05:41:31 | WARD_B_TEMP_02 | 38.4 | CRITICAL
2026-06-05 05:41:31 | WARD_B_TEMP_03 | 37.3 | NORMAL
2026-06-05 05:41:31 | WARD_B_TEMP_04 | 35.7 | NORMAL
2026-06-05 05:41:31 | WARD_B_TEMP_05 | 40.0 | CRITICAL
2026-06-05 05:41:32 | WARD_B_TEMP_01 | 40.4 | CRITICAL
2026-06-05 05:41:32 | WARD_B_TEMP_02 | 36.1 | NORMAL
2026-06-05 05:41:32 | WARD_B_TEMP_03 | 38.3 | CRITICAL
2026-06-05 05:41:32 | WARD_B_TEMP_04 | 36.2 | NORMAL
2026-06-05 05:41:32 | WARD_B_TEMP_05 | 35.6 | NORMAL
2026-06-05 05:41:33 | WARD_B_TEMP_01 | 39.3 | CRITICAL
2026-06-05 05:41:33 | WARD_B_TEMP_02 | 35.9 | NORMAL
2026-06-05 05:41:33 | WARD_B_TEMP_03 | 40.3 | CRITICAL
2026-06-05 05:41:33 | WARD_B_TEMP_04 | 37.2 | NORMAL
2026-06-05 05:41:33 | WARD_B_TEMP_05 | 39.5 | CRITICAL
2026-06-05 05:41:34 | WARD_B_TEMP_01 | 35.3 | CRITICAL
2026-06-05 05:41:34 | WARD_B_TEMP_02 | 39.6 | CRITICAL
2026-06-05 05:41:34 | WARD_B_TEMP_03 | 36.7 | NORMAL
2026-06-05 05:41:34 | WARD_B_TEMP_04 | 37.0 | NORMAL
2026-06-05 05:41:34 | WARD_B_TEMP_05 | 39.8 | CRITICAL
2026-06-05 05:41:35 | WARD_B_TEMP_01 | 39.1 | CRITICAL
2026-06-05 05:41:35 | WARD_B_TEMP_02 | 38.1 | CRITICAL
2026-06-05 05:41:35 | WARD_B_TEMP_03 | 38.8 | CRITICAL
2026-06-05 05:41:35 | WARD_B_TEMP_04 | 39.3 | CRITICAL
2026-06-05 05:41:35 | WARD_B_TEMP_05 | 35.0 | CRITICAL
2026-06-05 05:41:36 | WARD_B_TEMP_01 | 39.1 | CRITICAL
2026-06-05 05:41:36 | WARD_B_TEMP_02 | 37.4 | NORMAL
2026-06-05 05:41:36 | WARD_B_TEMP_03 | 40.0 | CRITICAL
2026-06-05 05:41:36 | WARD_B_TEMP_04 | 38.8 | CRITICAL
2026-06-05 05:41:36 | WARD_B_TEMP_05 | 35.8 | NORMAL
2026-06-05 05:41:37 | WARD_B_TEMP_01 | 37.8 | WARNING
2026-06-05 05:41:37 | WARD_B_TEMP_02 | 36.5 | NORMAL
2026-06-05 05:41:37 | WARD_B_TEMP_03 | 36.4 | NORMAL
2026-06-05 05:41:37 | WARD_B_TEMP_04 | 39.0 | CRITICAL
2026-06-05 05:41:37 | WARD_B_TEMP_05 | 35.5 | NORMAL
2026-06-05 05:41:38 | WARD_B_TEMP_01 | 39.2 | CRITICAL
2026-06-05 05:41:38 | WARD_B_TEMP_02 | 35.9 | NORMAL
2026-06-05 05:41:38 | WARD_B_TEMP_03 | 36.2 | NORMAL
2026-06-05 05:41:38 | WARD_B_TEMP_04 | 38.3 | CRITICAL
2026-06-05 05:41:38 | WARD_B_TEMP_05 | 35.8 | NORMAL
2026-06-05 05:41:39 | WARD_B_TEMP_01 | 36.5 | NORMAL
2026-06-05 05:41:39 | WARD_B_TEMP_02 | 36.1 | NORMAL
2026-06-05 05:41:39 | WARD_B_TEMP_03 | 40.0 | CRITICAL
2026-06-05 05:41:39 | WARD_B_TEMP_04 | 40.0 | CRITICAL
2026-06-05 05:41:39 | WARD_B_TEMP_05 | 37.0 | NORMAL
2026-06-05 05:41:40 | WARD_B_TEMP_01 | 38.4 | CRITICAL
2026-06-05 05:41:40 | WARD_B_TEMP_02 | 39.0 | CRITICAL
2026-06-05 05:41:40 | WARD_B_TEMP_03 | 39.1 | CRITICAL
2026-06-05 05:41:40 | WARD_B_TEMP_04 | 37.5 | WARNING
2026-06-05 05:41:40 | WARD_B_TEMP_05 | 38.6 | CRITICAL
2026-06-05 05:41:41 | WARD_B_TEMP_01 | 36.9 | NORMAL
2026-06-05 05:41:41 | WARD_B_TEMP_02 | 38.3 | CRITICAL
2026-06-05 05:41:41 | WARD_B_TEMP_03 | 34.6 | CRITICAL
2026-06-05 05:41:41 | WARD_B_TEMP_04 | 37.1 | NORMAL
2026-06-05 05:41:41 | WARD_B_TEMP_05 | 35.8 | NORMAL
2026-06-05 05:41:42 | WARD_B_TEMP_01 | 37.7 | WARNING
2026-06-05 05:41:42 | WARD_B_TEMP_02 | 36.1 | NORMAL
2026-06-05 05:41:42 | WARD_B_TEMP_03 | 39.2 | CRITICAL
2026-06-05 05:41:42 | WARD_B_TEMP_04 | 39.6 | CRITICAL
2026-06-05 05:41:42 | WARD_B_TEMP_05 | 37.6 | WARNING
2026-06-05 05:41:43 | WARD_B_TEMP_01 | 40.0 | CRITICAL
2026-06-05 05:41:43 | WARD_B_TEMP_02 | 37.4 | NORMAL
2026-06-05 05:41:43 | WARD_B_TEMP_03 | 35.6 | NORMAL
2026-06-05 05:41:43 | WARD_B_TEMP_04 | 36.1 | NORMAL
2026-06-05 05:41:43 | WARD_B_TEMP_05 | 35.5 | NORMAL
2026-06-05 05:41:44 | WARD_B_TEMP_01 | 34.9 | CRITICAL
2026-06-05 05:41:44 | WARD_B_TEMP_02 | 38.7 | CRITICAL
2026-06-05 05:41:44 | WARD_B_TEMP_03 | 40.3 | CRITICAL
2026-06-05 05:41:44 | WARD_B_TEMP_04 | 36.3 | NORMAL
2026-06-05 05:41:44 | WARD_B_TEMP_05 | 34.6 | CRITICAL
2026-06-05 05:41:45 | WARD_B_TEMP_01 | 40.5 | CRITICAL
2026-06-05 05:41:45 | WARD_B_TEMP_02 | 36.2 | NORMAL
2026-06-05 05:41:45 | WARD_B_TEMP_03 | 37.1 | NORMAL
2026-06-05 05:41:45 | WARD_B_TEMP_04 | 38.4 | CRITICAL
2026-06-05 05:41:45 | WARD_B_TEMP_05 | 40.1 | CRITICAL
2026-06-05 05:41:46 | WARD_B_TEMP_01 | 37.3 | NORMAL
2026-06-05 05:41:46 | WARD_B_TEMP_02 | 38.5 | CRITICAL
2026-06-05 05:41:46 | WARD_B_TEMP_03 | 37.1 | NORMAL
2026-06-05 05:41:46 | WARD_B_TEMP_04 | 35.5 | NORMAL
2026-06-05 05:41:46 | WARD_B_TEMP_05 | 39.1 | CRITICAL
2026-06-05 05:41:47 | WARD_B_TEMP_01 | 35.1 | CRITICAL
2026-06-05 05:41:47 | WARD_B_TEMP_02 | 40.5 | CRITICAL
2026-06-05 05:41:47 | WARD_B_TEMP_03 | 39.5 | CRITICAL
2026-06-05 05:41:47 | WARD_B_TEMP_04 | 35.8 | NORMAL
2026-06-05 05:41:47 | WARD_B_TEMP_05 | 36.0 | NORMAL
2026-06-05 05:41:48 | WARD_B_TEMP_01 | 35.8 | NORMAL
2026-06-05 05:41:48 | WARD_B_TEMP_02 | 34.7 | CRITICAL
2026-06-05 05:41:48 | WARD_B_TEMP_03 | 39.8 | CRITICAL
2026-06-05 05:41:48 | WARD_B_TEMP_04 | 35.1 | CRITICAL
2026-06-05 05:41:48 | WARD_B_TEMP_05 | 36.0 | NORMAL
2026-06-05 05:41:49 | WARD_B_TEMP_01 | 37.1 | NORMAL
2026-06-05 05:41:49 | WARD_B_TEMP_02 | 38.9 | CRITICAL
2026-06-05 05:41:49 | WARD_B_TEMP_03 | 39.5 | CRITICAL
2026-06-05 05:41:49 | WARD_B_TEMP_04 | 38.4 | CRITICAL
2026-06-05 05:41:49 | WARD_B_TEMP_05 | 37.9 | WARNING
2026-06-05 05:41:50 | WARD_B_TEMP_01 | 39.9 | CRITICAL
2026-06-05 05:41:50 | WARD_B_TEMP_02 | 36.5 | NORMAL
2026-06-05 05:41:50 | WARD_B_TEMP_03 | 40.3 | CRITICAL
2026-06-05 05:41:50 | WARD_B_TEMP_04 | 40.0 | CRITICAL
2026-06-05 05:41:50 | WARD_B_TEMP_05 | 35.2 | CRITICAL
2026-06-05 05:41:51 | WARD_B_TEMP_01 | 39.2 | CRITICAL
2026-06-05 05:41:51 | WARD_B_TEMP_02 | 36.0 | NORMAL
2026-06-05 05:41:51 | WARD_B_TEMP_03 | 35.6 | NORMAL
2026-06-05 05:41:51 | WARD_B_TEMP_04 | 36.8 | NORMAL
2026-06-05 05:41:51 | WARD_B_TEMP_05 | 39.2 | CRITICAL
2026-06-05 05:41:52 | WARD_B_TEMP_01 | 40.2 | CRITICAL
2026-06-05 05:41:52 | WARD_B_TEMP_02 | 36.2 | NORMAL
2026-06-05 05:41:52 | WARD_B_TEMP_03 | 39.7 | CRITICAL
2026-06-05 05:41:52 | WARD_B_TEMP_04 | 34.8 | CRITICAL
2026-06-05 05:41:52 | WARD_B_TEMP_05 | 39.5 | CRITICAL
2026-06-05 05:41:53 | WARD_B_TEMP_01 | 38.4 | CRITICAL
2026-06-05 05:41:53 | WARD_B_TEMP_02 | 40.4 | CRITICAL
2026-06-05 05:41:53 | WARD_B_TEMP_03 | 36.8 | NORMAL
2026-06-05 05:41:53 | WARD_B_TEMP_04 | 38.9 | CRITICAL
2026-06-05 05:41:53 | WARD_B_TEMP_05 | 35.5 | NORMAL
2026-06-05 05:41:54 | WARD_B_TEMP_01 | 34.6 | CRITICAL
2026-06-05 05:41:54 | WARD_B_TEMP_02 | 36.1 | NORMAL
2026-06-05 05:41:54 | WARD_B_TEMP_03 | 37.6 | WARNING
2026-06-05 05:41:54 | WARD_B_TEMP_04 | 38.8 | CRITICAL
2026-06-05 05:41:54 | WARD_B_TEMP_05 | 38.5 | CRITICAL
2026-06-05 05:41:55 | WARD_B_TEMP_01 | 38.7 | CRITICAL
2026-06-05 05:41:55 | WARD_B_TEMP_02 | 36.0 | NORMAL
2026-06-05 05:41:55 | WARD_B_TEMP_03 | 40.1 | CRITICAL
2026-06-05 05:41:55 | WARD_B_TEMP_04 | 40.1 | CRITICAL
2026-06-05 05:41:55 | WARD_B_TEMP_05 | 39.7 | CRITICAL
2026-06-05 05:41:56 | WARD_B_TEMP_01 | 39.1 | CRITICAL
2026-06-05 05:41:56 | WARD_B_TEMP_02 | 39.6 | CRITICAL
2026-06-05 05:41:56 | WARD_B_TEMP_03 | 34.5 | CRITICAL
2026-06-05 05:41:56 | WARD_B_TEMP_04 | 37.8 | WARNING
2026-06-05 05:41:56 | WARD_B_TEMP_05 | 37.0 | NORMAL
2026-06-05 05:41:57 | WARD_B_TEMP_01 | 38.8 | CRITICAL
2026-06-05 05:41:57 | WARD_B_TEMP_02 | 35.4 | CRITICAL
2026-06-05 05:41:57 | WARD_B_TEMP_03 | 35.7 | NORMAL
2026-06-05 05:41:57 | WARD_B_TEMP_04 | 36.7 | NORMAL
2026-06-05 05:41:57 | WARD_B_TEMP_05 | 36.4 | NORMAL
2026-06-05 05:41:58 | WARD_B_TEMP_01 | 38.2 | CRITICAL
2026-06-05 05:41:58 | WARD_B_TEMP_02 | 39.1 | CRITICAL
2026-06-05 05:41:58 | WARD_B_TEMP_03 | 34.7 | CRITICAL
2026-06-05 05:41:58 | WARD_B_TEMP_04 | 38.4 | CRITICAL
2026-06-05 05:41:58 | WARD_B_TEMP_05 | 35.9 | NORMAL
2026-06-05 05:41:59 | WARD_B_TEMP_01 | 36.5 | NORMAL
2026-06-05 05:41:59 | WARD_B_TEMP_02 | 38.7 | CRITICAL
2026-06-05 05:41:59 | WARD_B_TEMP_03 | 36.8 | NORMAL
2026-06-05 05:41:59 | WARD_B_TEMP_04 | 36.0 | NORMAL
2026-06-05 05:41:59 | WARD_B_TEMP_05 | 36.5 | NORMAL
2026-06-05 05:42:00 | WARD_B_TEMP_01 | 40.5 | CRITICAL
2026-06-05 05:42:00 | WARD_B_TEMP_02 | 37.3 | NORMAL
2026-06-05 05:42:00 | WARD_B_TEMP_03 | 35.5 | NORMAL
2026-06-05 05:42:00 | WARD_B_TEMP_04 | 36.8 | NORMAL
2026-06-05 05:42:00 | WARD_B_TEMP_05 | 40.0 | CRITICAL
2026-06-05 05:42:01 | WARD_B_TEMP_01 | 35.6 | NORMAL
2026-06-05 05:42:01 | WARD_B_TEMP_02 | 39.2 | CRITICAL
2026-06-05 05:42:01 | WARD_B_TEMP_03 | 38.8 | CRITICAL
2026-06-05 05:42:01 | WARD_B_TEMP_04 | 35.3 | CRITICAL
2026-06-05 05:42:01 | WARD_B_TEMP_05 | 40.3 | CRITICAL
2026-06-05 05:42:02 | WARD_B_TEMP_01 | 36.4 | NORMAL
2026-06-05 05:42:02 | WARD_B_TEMP_02 | 39.2 | CRITICAL
2026-06-05 05:42:02 | WARD_B_TEMP_03 | 36.9 | NORMAL
2026-06-05 05:42:02 | WARD_B_TEMP_04 | 38.7 | CRITICAL
2026-06-05 05:42:02 | WARD_B_TEMP_05 | 34.8 | CRITICAL
2026-06-05 05:42:03 | WARD_B_TEMP_01 | 38.1 | CRITICAL
2026-06-05 05:42:03 | WARD_B_TEMP_02 | 39.2 | CRITICAL
2026-06-05 05:42:03 | WARD_B_TEMP_03 | 36.2 | NORMAL
2026-06-05 05:42:03 | WARD_B_TEMP_04 | 40.5 | CRITICAL
2026-06-05 05:42:03 | WARD_B_TEMP_05 | 35.9 | NORMAL
2026-06-05 05:42:04 | WARD_B_TEMP_01 | 38.3 | CRITICAL
2026-06-05 05:42:04 | WARD_B_TEMP_02 | 38.7 | CRITICAL
2026-06-05 05:42:04 | WARD_B_TEMP_03 | 40.4 | CRITICAL
2026-06-05 05:42:04 | WARD_B_TEMP_04 | 38.8 | CRITICAL
2026-06-05 05:42:04 | WARD_B_TEMP_05 | 38.3 | CRITICAL
2026-06-05 05:42:05 | WARD_B_TEMP_01 | 38.3 | CRITICAL
2026-06-05 05:42:05 | WARD_B_TEMP_02 | 40.0 | CRITICAL
2026-06-05 05:42:05 | WARD_B_TEMP_03 | 38.9 | CRITICAL
2026-06-05 05:42:05 | WARD_B_TEMP_04 | 39.1 | CRITICAL
2026-06-05 05:42:05 | WARD_B_TEMP_05 | 39.6 | CRITICAL
2026-06-05 05:42:06 | WARD_B_TEMP_01 | 39.9 | CRITICAL
2026-06-05 05:42:06 | WARD_B_TEMP_02 | 35.0 | CRITICAL
2026-06-05 05:42:06 | WARD_B_TEMP_03 | 37.9 | WARNING
2026-06-05 05:42:06 | WARD_B_TEMP_04 | 37.0 | NORMAL
2026-06-05 05:42:06 | WARD_B_TEMP_05 | 35.5 | NORMAL
2026-06-05 05:42:07 | WARD_B_TEMP_01 | 39.8 | CRITICAL
2026-06-05 05:42:07 | WARD_B_TEMP_02 | 37.7 | WARNING
2026-06-05 05:42:07 | WARD_B_TEMP_03 | 38.7 | CRITICAL
2026-06-05 05:42:07 | WARD_B_TEMP_04 | 35.4 | CRITICAL
2026-06-05 05:42:07 | WARD_B_TEMP_05 | 36.6 | NORMAL
2026-06-05 05:42:08 | WARD_B_TEMP_01 | 35.0 | CRITICAL
2026-06-05 05:42:08 | WARD_B_TEMP_02 | 36.5 | NORMAL
2026-06-05 05:42:08 | WARD_B_TEMP_03 | 37.9 | WARNING
2026-06-05 05:42:08 | WARD_B_TEMP_04 | 35.2 | CRITICAL
2026-06-05 05:42:08 | WARD_B_TEMP_05 | 40.1 | CRITICAL
2026-06-05 05:42:09 | WARD_B_TEMP_01 | 39.0 | CRITICAL
2026-06-05 05:42:09 | WARD_B_TEMP_02 | 37.7 | WARNING
2026-06-05 05:42:09 | WARD_B_TEMP_03 | 37.8 | WARNING
2026-06-05 05:42:09 | WARD_B_TEMP_04 | 35.5 | NORMAL
2026-06-05 05:42:09 | WARD_B_TEMP_05 | 34.8 | CRITICAL
2026-06-05 05:42:10 | WARD_B_TEMP_01 | 39.5 | CRITICAL
2026-06-05 05:42:10 | WARD_B_TEMP_02 | 37.3 | NORMAL
2026-06-05 05:42:10 | WARD_B_TEMP_03 | 38.6 | CRITICAL
2026-06-05 05:42:10 | WARD_B_TEMP_04 | 39.8 | CRITICAL
2026-06-05 05:42:10 | WARD_B_TEMP_05 | 39.7 | CRITICAL
2026-06-05 05:42:11 | WARD_B_TEMP_01 | 40.1 | CRITICAL
2026-06-05 05:42:11 | WARD_B_TEMP_02 | 34.9 | CRITICAL
2026-06-05 05:42:11 | WARD_B_TEMP_03 | 36.4 | NORMAL
2026-06-05 05:42:11 | WARD_B_TEMP_04 | 37.2 | NORMAL
2026-06-05 05:42:11 | WARD_B_TEMP_05 | 38.4 | CRITICAL
2026-06-05 05:42:12 | WARD_B_TEMP_01 | 39.5 | CRITICAL
2026-06-05 05:42:12 | WARD_B_TEMP_02 | 35.8 | NORMAL
2026-06-05 05:42:12 | WARD_B_TEMP_03 | 38.5 | CRITICAL
2026-06-05 05:42:12 | WARD_B_TEMP_04 | 35.1 | CRITICAL
2026-06-05 05:42:12 | WARD_B_TEMP_05 | 38.9 | CRITICAL
2026-06-05 05:42:13 | WARD_B_TEMP_01 | 36.8 | NORMAL
2026-06-05 05:42:13 | WARD_B_TEMP_02 | 35.6 | NORMAL
2026-06-05 05:42:13 | WARD_B_TEMP_03 | 40.2 | CRITICAL
2026-06-05 05:42:13 | WARD_B_TEMP_04 | 37.0 | NORMAL
2026-06-05 05:42:13 | WARD_B_TEMP_05 | 35.3 | CRITICAL
2026-06-05 05:42:14 | WARD_B_TEMP_01 | 35.5 | NORMAL
2026-06-05 05:42:14 | WARD_B_TEMP_02 | 37.6 | WARNING
2026-06-05 05:42:14 | WARD_B_TEMP_03 | 39.4 | CRITICAL
2026-06-05 05:42:14 | WARD_B_TEMP_04 | 38.0 | WARNING
2026-06-05 05:42:14 | WARD_B_TEMP_05 | 38.0 | WARNING
2026-06-05 05:42:15 | WARD_B_TEMP_01 | 38.5 | CRITICAL
2026-06-05 05:42:15 | WARD_B_TEMP_02 | 35.3 | CRITICAL
2026-06-05 05:42:15 | WARD_B_TEMP_03 | 39.1 | CRITICAL
2026-06-05 05:42:15 | WARD_B_TEMP_04 | 36.6 | NORMAL
2026-06-05 05:42:15 | WARD_B_TEMP_05 | 38.5 | CRITICAL
2026-06-05 05:42:16 | WARD_B_TEMP_01 | 39.6 | CRITICAL
2026-06-05 05:42:16 | WARD_B_TEMP_02 | 35.2 | CRITICAL
2026-06-05 05:42:16 | WARD_B_TEMP_03 | 37.5 | WARNING
2026-06-05 05:42:16 | WARD_B_TEMP_04 | 39.3 | CRITICAL
2026-06-05 05:42:16 | WARD_B_TEMP_05 | 36.3 | NORMAL
2026-06-05 05:42:17 | WARD_B_TEMP_01 | 35.3 | CRITICAL
2026-06-05 05:42:17 | WARD_B_TEMP_02 | 36.8 | NORMAL
2026-06-05 05:42:17 | WARD_B_TEMP_03 | 35.7 | NORMAL
2026-06-05 05:42:17 | WARD_B_TEMP_04 | 35.2 | CRITICAL
2026-06-05 05:42:17 | WARD_B_TEMP_05 | 38.1 | CRITICAL
2026-06-05 05:42:18 | WARD_B_TEMP_01 | 34.7 | CRITICAL
2026-06-05 05:42:18 | WARD_B_TEMP_02 | 37.9 | WARNING
2026-06-05 05:42:18 | WARD_B_TEMP_03 | 35.7 | NORMAL
2026-06-05 05:42:18 | WARD_B_TEMP_04 | 37.8 | WARNING
2026-06-05 05:42:18 | WARD_B_TEMP_05 | 39.8 | CRITICAL
2026-06-05 05:42:19 | WARD_B_TEMP_01 | 40.4 | CRITICAL
2026-06-05 05:42:19 | WARD_B_TEMP_02 | 38.5 | CRITICAL
2026-06-05 05:42:19 | WARD_B_TEMP_03 | 36.5 | NORMAL
2026-06-05 05:42:19 | WARD_B_TEMP_04 | 38.6 | CRITICAL
2026-06-05 05:42:19 | WARD_B_TEMP_05 | 39.8 | CRITICAL
2026-06-05 05:42:20 | WARD_B_TEMP_01 | 37.6 | WARNING
2026-06-05 05:42:20 | WARD_B_TEMP_02 | 35.1 | CRITICAL
2026-06-05 05:42:20 | WARD_B_TEMP_03 | 35.6 | NORMAL
2026-06-05 05:42:20 | WARD_B_TEMP_04 | 38.0 | WARNING
2026-06-05 05:42:20 | WARD_B_TEMP_05 | 36.2 | NORMAL
2026-06-05 05:42:21 | WARD_B_TEMP_01 | 36.3 | NORMAL
2026-06-05 05:42:21 | WARD_B_TEMP_02 | 38.0 | WARNING
2026-06-05 05:42:21 | WARD_B_TEMP_03 | 39.2 | CRITICAL
2026-06-05 05:42:21 | WARD_B_TEMP_04 | 40.2 | CRITICAL
2026-06-05 05:42:21 | WARD_B_TEMP_05 | 39.2 | CRITICAL
2026-06-05 05:42:22 | WARD_B_TEMP_01 | 38.6 | CRITICAL
2026-06-05 05:42:22 | WARD_B_TEMP_02 | 39.4 | CRITICAL
2026-06-05 05:42:22 | WARD_B_TEMP_03 | 38.3 | CRITICAL
2026-06-05 05:42:22 | WARD_B_TEMP_04 | 38.5 | CRITICAL
2026-06-05 05:42:22 | WARD_B_TEMP_05 | 36.4 | NORMAL
2026-06-05 05:42:23 | WARD_B_TEMP_01 | 39.3 | CRITICAL
2026-06-05 05:42:23 | WARD_B_TEMP_02 | 38.6 | CRITICAL
2026-06-05 05:42:23 | WARD_B_TEMP_03 | 39.1 | CRITICAL
2026-06-05 05:42:23 | WARD_B_TEMP_04 | 40.4 | CRITICAL
2026-06-05 05:42:23 | WARD_B_TEMP_05 | 39.1 | CRITICAL
2026-06-05 05:42:24 | WARD_B_TEMP_01 | 37.7 | WARNING
2026-06-05 05:42:24 | WARD_B_TEMP_02 | 37.4 | NORMAL
2026-06-05 05:42:24 | WARD_B_TEMP_03 | 40.0 | CRITICAL
2026-06-05 05:42:24 | WARD_B_TEMP_04 | 36.1 | NORMAL
2026-06-05 05:42:24 | WARD_B_TEMP_05 | 38.0 | WARNING
2026-06-05 05:42:25 | WARD_B_TEMP_01 | 37.9 | WARNING
2026-06-05 05:42:25 | WARD_B_TEMP_02 | 38.7 | CRITICAL
2026-06-05 05:42:25 | WARD_B_TEMP_03 | 40.1 | CRITICAL
2026-06-05 05:42:25 | WARD_B_TEMP_04 | 37.2 | NORMAL
2026-06-05 05:42:25 | WARD_B_TEMP_05 | 37.9 | WARNING
2026-06-05 05:42:26 | WARD_B_TEMP_01 | 35.2 | CRITICAL
2026-06-05 05:42:26 | WARD_B_TEMP_02 | 38.7 | CRITICAL
2026-06-05 05:42:26 | WARD_B_TEMP_03 | 38.2 | CRITICAL
2026-06-05 05:42:26 | WARD_B_TEMP_04 | 38.9 | CRITICAL
2026-06-05 05:42:26 | WARD_B_TEMP_05 | 35.2 | CRITICAL
2026-06-05 05:42:27 | WARD_B_TEMP_01 | 36.7 | NORMAL
2026-06-05 05:42:27 | WARD_B_TEMP_02 | 40.2 | CRITICAL
2026-06-05 05:42:27 | WARD_B_TEMP_03 | 35.6 | NORMAL
2026-06-05 05:42:27 | WARD_B_TEMP_04 | 39.9 | CRITICAL
2026-06-05 05:42:27 | WARD_B_TEMP_05 | 35.2 | CRITICAL
2026-06-05 05:42:28 | WARD_B_TEMP_01 | 36.9 | NORMAL
2026-06-05 05:42:28 | WARD_B_TEMP_02 | 40.2 | CRITICAL
2026-06-05 05:42:28 | WARD_B_TEMP_03 | 39.1 | CRITICAL
2026-06-05 05:42:28 | WARD_B_TEMP_04 | 38.9 | CRITICAL
2026-06-05 05:42:28 | WARD_B_TEMP_05 | 38.8 | CRITICAL
2026-06-05 05:42:29 | WARD_B_TEMP_01 | 37.5 | WARNING
2026-06-05 05:42:29 | WARD_B_TEMP_02 | 36.0 | NORMAL
2026-06-05 05:42:29 | WARD_B_TEMP_03 | 38.7 | CRITICAL
2026-06-05 05:42:29 | WARD_B_TEMP_04 | 34.9 | CRITICAL
2026-06-05 05:42:29 | WARD_B_TEMP_05 | 39.0 | CRITICAL
2026-06-05 05:42:30 | WARD_B_TEMP_01 | 37.9 | WARNING
2026-06-05 05:42:30 | WARD_B_TEMP_02 | 38.7 | CRITICAL
2026-06-05 05:42:30 | WARD_B_TEMP_03 | 34.9 | CRITICAL
2026-06-05 05:42:30 | WARD_B_TEMP_04 | 39.8 | CRITICAL
2026-06-05 05:42:30 | WARD_B_TEMP_05 | 36.5 | NORMAL
2026-06-05 05:42:31 | WARD_B_TEMP_01 | 39.5 | CRITICAL
2026-06-05 05:42:31 | WARD_B_TEMP_02 | 36.6 | NORMAL
2026-06-05 05:42:31 | WARD_B_TEMP_03 | 39.1 | CRITICAL
2026-06-05 05:42:31 | WARD_B_TEMP_04 | 39.7 | CRITICAL
2026-06-05 05:42:31 | WARD_B_TEMP_05 | 36.6 | NORMAL
2026-06-05 05:42:32 | WARD_B_TEMP_01 | 36.7 | NORMAL
2026-06-05 05:42:32 | WARD_B_TEMP_02 | 39.4 | CRITICAL
2026-06-05 05:42:32 | WARD_B_TEMP_03 | 39.5 | CRITICAL
2026-06-05 05:42:32 | WARD_B_TEMP_04 | 37.5 | WARNING
2026-06-05 05:42:32 | WARD_B_TEMP_05 | 36.2 | NORMAL
2026-06-05 05:42:33 | WARD_B_TEMP_01 | 36.1 | NORMAL
2026-06-05 05:42:33 | WARD_B_TEMP_02 | 39.2 | CRITICAL
2026-06-05 05:42:33 | WARD_B_TEMP_03 | 37.1 | NORMAL
2026-06-05 05:42:33 | WARD_B_TEMP_04 | 36.2 | NORMAL
2026-06-05 05:42:33 | WARD_B_TEMP_05 | 34.7 | CRITICAL
2026-06-05 05:42:34 | WARD_B_TEMP_01 | 37.1 | NORMAL
2026-06-05 05:42:34 | WARD_B_TEMP_02 | 34.8 | CRITICAL
2026-06-05 05:42:34 | WARD_B_TEMP_03 | 37.6 | WARNING
2026-06-05 05:42:34 | WARD_B_TEMP_04 | 39.7 | CRITICAL
2026-06-05 05:42:34 | WARD_B_TEMP_05 | 38.3 | CRITICAL
2026-06-05 05:42:35 | WARD_B_TEMP_01 | 39.8 | CRITICAL
2026-06-05 05:42:35 | WARD_B_TEMP_02 | 36.0 | NORMAL
2026-06-05 05:42:35 | WARD_B_TEMP_03 | 37.7 | WARNING
2026-06-05 05:42:35 | WARD_B_TEMP_04 | 37.7 | WARNING
2026-06-05 05:42:35 | WARD_B_TEMP_05 | 36.9 | NORMAL
2026-06-05 05:42:36 | WARD_B_TEMP_01 | 35.6 | NORMAL
2026-06-05 05:42:36 | WARD_B_TEMP_02 | 40.1 | CRITICAL
2026-06-05 05:42:36 | WARD_B_TEMP_03 | 35.4 | CRITICAL
2026-06-05 05:42:36 | WARD_B_TEMP_04 | 40.5 | CRITICAL
2026-06-05 05:42:36 | WARD_B_TEMP_05 | 35.1 | CRITICAL
2026-06-05 05:42:37 | WARD_B_TEMP_01 | 36.2 | NORMAL
2026-06-05 05:42:37 | WARD_B_TEMP_02 | 35.0 | CRITICAL
2026-06-05 05:42:37 | WARD_B_TEMP_03 | 35.1 | CRITICAL
2026-06-05 05:42:37 | WARD_B_TEMP_04 | 39.3 | CRITICAL
2026-06-05 05:42:37 | WARD_B_TEMP_05 | 34.8 | CRITICAL
2026-06-05 05:42:38 | WARD_B_TEMP_01 | 38.2 | CRITICAL
2026-06-05 05:42:38 | WARD_B_TEMP_02 | 35.5 | NORMAL
2026-06-05 05:42:38 | WARD_B_TEMP_03 | 39.5 | CRITICAL
2026-06-05 05:42:38 | WARD_B_TEMP_04 | 34.7 | CRITICAL
2026-06-05 05:42:38 | WARD_B_TEMP_05 | 36.3 | NORMAL
2026-06-05 05:42:39 | WARD_B_TEMP_01 | 34.7 | CRITICAL
2026-06-05 05:42:39 | WARD_B_TEMP_02 | 40.3 | CRITICAL
2026-06-05 05:42:39 | WARD_B_TEMP_03 | 36.7 | NORMAL
2026-06-05 05:42:39 | WARD_B_TEMP_04 | 40.4 | CRITICAL
2026-06-05 05:42:39 | WARD_B_TEMP_05 | 37.2 | NORMAL
2026-06-05 05:42:40 | WARD_B_TEMP_01 | 37.0 | NORMAL
2026-06-05 05:42:40 | WARD_B_TEMP_02 | 34.8 | CRITICAL
2026-06-05 05:42:40 | WARD_B_TEMP_03 | 36.7 | NORMAL
2026-06-05 05:42:40 | WARD_B_TEMP_04 | 35.4 | CRITICAL
2026-06-05 05:42:40 | WARD_B_TEMP_05 | 40.0 | CRITICAL
2026-06-05 05:42:41 | WARD_B_TEMP_01 | 38.3 | CRITICAL
2026-06-05 05:42:41 | WARD_B_TEMP_02 | 39.8 | CRITICAL
2026-06-05 05:42:41 | WARD_B_TEMP_03 | 35.2 | CRITICAL
2026-06-05 05:42:41 | WARD_B_TEMP_04 | 40.4 | CRITICAL
2026-06-05 05:42:41 | WARD_B_TEMP_05 | 37.5 | WARNING
2026-06-05 05:42:42 | WARD_B_TEMP_01 | 36.5 | NORMAL
2026-06-05 05:42:42 | WARD_B_TEMP_02 | 34.6 | CRITICAL
2026-06-05 05:42:42 | WARD_B_TEMP_03 | 34.9 | CRITICAL
2026-06-05 05:42:42 | WARD_B_TEMP_04 | 39.3 | CRITICAL
2026-06-05 05:42:42 | WARD_B_TEMP_05 | 38.4 | CRITICAL
2026-06-05 05:42:43 | WARD_B_TEMP_01 | 38.9 | CRITICAL
2026-06-05 05:42:43 | WARD_B_TEMP_02 | 39.1 | CRITICAL
2026-06-05 05:42:43 | WARD_B_TEMP_03 | 34.6 | CRITICAL
2026-06-05 05:42:43 | WARD_B_TEMP_04 | 38.3 | CRITICAL
2026-06-05 05:42:43 | WARD_B_TEMP_05 | 35.0 | CRITICAL
2026-06-05 05:42:44 | WARD_B_TEMP_01 | 38.5 | CRITICAL
2026-06-05 05:42:44 | WARD_B_TEMP_02 | 38.7 | CRITICAL
2026-06-05 05:42:44 | WARD_B_TEMP_03 | 37.1 | NORMAL
2026-06-05 05:42:44 | WARD_B_TEMP_04 | 34.8 | CRITICAL
2026-06-05 05:42:44 | WARD_B_TEMP_05 | 39.7 | CRITICAL
2026-06-05 05:42:45 | WARD_B_TEMP_01 | 38.4 | CRITICAL
2026-06-05 05:42:45 | WARD_B_TEMP_02 | 35.0 | CRITICAL
2026-06-05 05:42:45 | WARD_B_TEMP_03 | 38.5 | CRITICAL
2026-06-05 05:42:45 | WARD_B_TEMP_04 | 39.1 | CRITICAL
2026-06-05 05:42:45 | WARD_B_TEMP_05 | 36.1 | NORMAL
2026-06-05 05:42:46 | WARD_B_TEMP_01 | 39.3 | CRITICAL
2026-06-05 05:42:46 | WARD_B_TEMP_02 | 37.7 | WARNING
2026-06-05 05:42:46 | WARD_B_TEMP_03 | 39.8 | CRITICAL
2026-06-05 05:42:46 | WARD_B_TEMP_04 | 40.4 | CRITICAL
2026-06-05 05:42:46 | WARD_B_TEMP_05 | 38.5 | CRITICAL
2026-06-05 05:42:47 | WARD_B_TEMP_01 | 36.7 | NORMAL
2026-06-05 05:42:47 | WARD_B_TEMP_02 | 39.5 | CRITICAL
2026-06-05 05:42:47 | WARD_B_TEMP_03 | 37.3 | NORMAL
2026-06-05 05:42:47 | WARD_B_TEMP_04 | 38.7 | CRITICAL
2026-06-05 05:42:47 | WARD_B_TEMP_05 | 36.4 | NORMAL
2026-06-05 05:42:48 | WARD_B_TEMP_01 | 35.6 | NORMAL
2026-06-05 05:42:48 | WARD_B_TEMP_02 | 40.4 | CRITICAL
2026-06-05 05:42:48 | WARD_B_TEMP_03 | 36.3 | NORMAL
2026-06-05 05:42:48 | WARD_B_TEMP_04 | 37.0 | NORMAL
2026-06-05 05:42:48 | WARD_B_TEMP_05 | 38.2 | CRITICAL
2026-06-05 05:42:49 | WARD_B_TEMP_01 | 36.0 | NORMAL
2026-06-05 05:42:49 | WARD_B_TEMP_02 | 40.1 | CRITICAL
2026-06-05 05:42:49 | WARD_B_TEMP_03 | 37.6 | WARNING
2026-06-05 05:42:49 | WARD_B_TEMP_04 | 37.6 | WARNING
2026-06-05 05:42:49 | WARD_B_TEMP_05 | 35.1 | CRITICAL
2026-06-05 05:42:50 | WARD_B_TEMP_01 | 37.9 | WARNING
2026-06-05 05:42:50 | WARD_B_TEMP_02 | 34.6 | CRITICAL
2026-06-05 05:42:50 | WARD_B_TEMP_03 | 36.3 | NORMAL
2026-06-05 05:42:50 | WARD_B_TEMP_04 | 35.1 | CRITICAL
2026-06-05 05:42:50 | WARD_B_TEMP_05 | 38.1 | CRITICAL
2026-06-05 05:42:51 | WARD_B_TEMP_01 | 36.2 | NORMAL
2026-06-05 05:42:51 | WARD_B_TEMP_02 | 34.7 | CRITICAL
2026-06-05 05:42:51 | WARD_B_TEMP_03 | 38.3 | CRITICAL
2026-06-05 05:42:51 | WARD_B_TEMP_04 | 37.8 | WARNING
2026-06-05 05:42:51 | WARD_B_TEMP_05 | 35.7 | NORMAL
2026-06-05 05:42:52 | WARD_B_TEMP_01 | 34.8 | CRITICAL
2026-06-05 05:42:52 | WARD_B_TEMP_02 | 36.0 | NORMAL
2026-06-05 05:42:52 | WARD_B_TEMP_03 | 39.2 | CRITICAL
2026-06-05 05:42:52 | WARD_B_TEMP_04 | 37.9 | WARNING
2026-06-05 05:42:52 | WARD_B_TEMP_05 | 35.7 | NORMAL
2026-06-05 05:42:53 | WARD_B_TEMP_01 | 38.7 | CRITICAL
2026-06-05 05:42:53 | WARD_B_TEMP_02 | 36.8 | NORMAL
2026-06-05 05:42:53 | WARD_B_TEMP_03 | 36.8 | NORMAL
2026-06-05 05:42:53 | WARD_B_TEMP_04 | 38.2 | CRITICAL
2026-06-05 05:42:53 | WARD_B_TEMP_05 | 37.2 | NORMAL
2026-06-05 05:42:54 | WARD_B_TEMP_01 | 38.1 | CRITICAL
2026-06-05 05:42:54 | WARD_B_TEMP_02 | 38.0 | WARNING
2026-06-05 05:42:54 | WARD_B_TEMP_03 | 39.8 | CRITICAL
2026-06-05 05:42:54 | WARD_B_TEMP_04 | 37.1 | NORMAL
2026-06-05 05:42:54 | WARD_B_TEMP_05 | 35.5 | NORMAL
2026-06-05 05:42:55 | WARD_B_TEMP_01 | 38.1 | CRITICAL
2026-06-05 05:42:55 | WARD_B_TEMP_02 | 38.7 | CRITICAL
2026-06-05 05:42:55 | WARD_B_TEMP_03 | 34.6 | CRITICAL
2026-06-05 05:42:55 | WARD_B_TEMP_04 | 39.6 | CRITICAL
2026-06-05 05:42:55 | WARD_B_TEMP_05 | 40.2 | CRITICAL
2026-06-05 05:42:56 | WARD_B_TEMP_01 | 35.4 | CRITICAL
2026-06-05 05:42:56 | WARD_B_TEMP_02 | 39.4 | CRITICAL
2026-06-05 05:42:56 | WARD_B_TEMP_03 | 37.1 | NORMAL
2026-06-05 05:42:56 | WARD_B_TEMP_04 | 36.4 | NORMAL
2026-06-05 05:42:56 | WARD_B_TEMP_05 | 37.1 | NORMAL
2026-06-05 05:42:57 | WARD_B_TEMP_01 | 36.3 | NORMAL
2026-06-05 05:42:57 | WARD_B_TEMP_02 | 37.5 | WARNING
2026-06-05 05:42:57 | WARD_B_TEMP_03 | 40.2 | CRITICAL
2026-06-05 05:42:57 | WARD_B_TEMP_04 | 38.9 | CRITICAL
2026-06-05 05:42:57 | WARD_B_TEMP_05 | 34.5 | CRITICAL
2026-06-05 05:42:58 | WARD_B_TEMP_01 | 35.9 | NORMAL
2026-06-05 05:42:58 | WARD_B_TEMP_02 | 35.1 | CRITICAL
2026-06-05 05:42:58 | WARD_B_TEMP_03 | 37.9 | WARNING
2026-06-05 05:42:58 | WARD_B_TEMP_04 | 37.6 | WARNING
2026-06-05 05:42:58 | WARD_B_TEMP_05 | 38.1 | CRITICAL
2026-06-05 05:42:59 | WARD_B_TEMP_01 | 39.5 | CRITICAL
2026-06-05 05:42:59 | WARD_B_TEMP_02 | 38.6 | CRITICAL
2026-06-05 05:42:59 | WARD_B_TEMP_03 | 39.0 | CRITICAL
2026-06-05 05:42:59 | WARD_B_TEMP_04 | 37.1 | NORMAL
2026-06-05 05:42:59 | WARD_B_TEMP_05 | 40.0 | CRITICAL
2026-06-05 05:43:00 | WARD_B_TEMP_01 | 35.6 | NORMAL
2026-06-05 05:43:00 | WARD_B_TEMP_02 | 37.2 | NORMAL
2026-06-05 05:43:00 | WARD_B_TEMP_03 | 37.4 | NORMAL
2026-06-05 05:43:00 | WARD_B_TEMP_04 | 35.9 | NORMAL
2026-06-05 05:43:00 | WARD_B_TEMP_05 | 40.3 | CRITICAL
2026-06-05 05:43:01 | WARD_B_TEMP_01 | 35.6 | NORMAL
2026-06-05 05:43:01 | WARD_B_TEMP_02 | 37.8 | WARNING
2026-06-05 05:43:01 | WARD_B_TEMP_03 | 35.9 | NORMAL
2026-06-05 05:43:01 | WARD_B_TEMP_04 | 38.7 | CRITICAL
2026-06-05 05:43:01 | WARD_B_TEMP_05 | 38.7 | CRITICAL
2026-06-05 05:43:02 | WARD_B_TEMP_01 | 37.0 | NORMAL
2026-06-05 05:43:02 | WARD_B_TEMP_02 | 38.4 | CRITICAL
2026-06-05 05:43:02 | WARD_B_TEMP_03 | 38.1 | CRITICAL
2026-06-05 05:43:02 | WARD_B_TEMP_04 | 40.4 | CRITICAL
2026-06-05 05:43:02 | WARD_B_TEMP_05 | 35.0 | CRITICAL
2026-06-05 05:43:03 | WARD_B_TEMP_01 | 34.9 | CRITICAL
2026-06-05 05:43:03 | WARD_B_TEMP_02 | 37.5 | WARNING
2026-06-05 05:43:03 | WARD_B_TEMP_03 | 37.4 | NORMAL
2026-06-05 05:43:03 | WARD_B_TEMP_04 | 39.7 | CRITICAL
2026-06-05 05:43:03 | WARD_B_TEMP_05 | 36.2 | NORMAL
2026-06-05 05:43:04 | WARD_B_TEMP_01 | 36.9 | NORMAL
2026-06-05 05:43:04 | WARD_B_TEMP_02 | 35.7 | NORMAL
2026-06-05 05:43:04 | WARD_B_TEMP_03 | 38.1 | CRITICAL
2026-06-05 05:43:04 | WARD_B_TEMP_04 | 37.3 | NORMAL
2026-06-05 05:43:04 | WARD_B_TEMP_05 | 39.8 | CRITICAL
2026-06-05 05:43:05 | WARD_B_TEMP_01 | 35.9 | NORMAL
2026-06-05 05:43:05 | WARD_B_TEMP_02 | 36.2 | NORMAL
2026-06-05 05:43:05 | WARD_B_TEMP_03 | 39.8 | CRITICAL
2026-06-05 05:43:05 | WARD_B_TEMP_04 | 35.0 | CRITICAL
2026-06-05 05:43:05 | WARD_B_TEMP_05 | 40.4 | CRITICAL
2026-06-05 05:43:06 | WARD_B_TEMP_01 | 39.0 | CRITICAL
2026-06-05 05:43:06 | WARD_B_TEMP_02 | 36.4 | NORMAL
2026-06-05 05:43:06 | WARD_B_TEMP_03 | 37.1 | NORMAL
2026-06-05 05:43:06 | WARD_B_TEMP_04 | 37.3 | NORMAL
2026-06-05 05:43:06 | WARD_B_TEMP_05 | 39.9 | CRITICAL
2026-06-05 05:43:07 | WARD_B_TEMP_01 | 37.5 | WARNING
2026-06-05 05:43:07 | WARD_B_TEMP_02 | 39.9 | CRITICAL
2026-06-05 05:43:07 | WARD_B_TEMP_03 | 39.7 | CRITICAL
2026-06-05 05:43:07 | WARD_B_TEMP_04 | 40.0 | CRITICAL
2026-06-05 05:43:07 | WARD_B_TEMP_05 | 37.2 | NORMAL
2026-06-05 05:43:08 | WARD_B_TEMP_01 | 39.0 | CRITICAL
2026-06-05 05:43:08 | WARD_B_TEMP_02 | 40.2 | CRITICAL
2026-06-05 05:43:08 | WARD_B_TEMP_03 | 35.4 | CRITICAL
2026-06-05 05:43:08 | WARD_B_TEMP_04 | 36.7 | NORMAL
2026-06-05 05:43:08 | WARD_B_TEMP_05 | 40.3 | CRITICAL
2026-06-05 05:43:09 | WARD_B_TEMP_01 | 40.1 | CRITICAL
2026-06-05 05:43:09 | WARD_B_TEMP_02 | 35.4 | CRITICAL
2026-06-05 05:43:09 | WARD_B_TEMP_03 | 38.8 | CRITICAL
2026-06-05 05:43:09 | WARD_B_TEMP_04 | 39.1 | CRITICAL
2026-06-05 05:43:09 | WARD_B_TEMP_05 | 35.8 | NORMAL
2026-06-05 05:43:10 | WARD_B_TEMP_01 | 35.2 | CRITICAL
2026-06-05 05:43:10 | WARD_B_TEMP_02 | 35.6 | NORMAL
2026-06-05 05:43:10 | WARD_B_TEMP_03 | 35.2 | CRITICAL
2026-06-05 05:43:10 | WARD_B_TEMP_04 | 36.2 | NORMAL
2026-06-05 05:43:10 | WARD_B_TEMP_05 | 39.4 | CRITICAL
2026-06-05 05:43:11 | WARD_B_TEMP_01 | 40.1 | CRITICAL
2026-06-05 05:43:11 | WARD_B_TEMP_02 | 35.5 | NORMAL
2026-06-05 05:43:11 | WARD_B_TEMP_03 | 35.9 | NORMAL
2026-06-05 05:43:11 | WARD_B_TEMP_04 | 38.9 | CRITICAL
2026-06-05 05:43:11 | WARD_B_TEMP_05 | 35.6 | NORMAL
2026-06-05 05:43:12 | WARD_B_TEMP_01 | 40.0 | CRITICAL
2026-06-05 05:43:12 | WARD_B_TEMP_02 | 40.2 | CRITICAL
2026-06-05 05:43:12 | WARD_B_TEMP_03 | 37.4 | NORMAL
2026-06-05 05:43:12 | WARD_B_TEMP_04 | 37.7 | WARNING
2026-06-05 05:43:12 | WARD_B_TEMP_05 | 38.2 | CRITICAL
2026-06-05 05:43:13 | WARD_B_TEMP_01 | 38.5 | CRITICAL
2026-06-05 05:43:13 | WARD_B_TEMP_02 | 39.2 | CRITICAL
2026-06-05 05:43:13 | WARD_B_TEMP_03 | 34.8 | CRITICAL
2026-06-05 05:43:13 | WARD_B_TEMP_04 | 36.2 | NORMAL
2026-06-05 05:43:13 | WARD_B_TEMP_05 | 37.9 | WARNING
2026-06-05 05:43:14 | WARD_B_TEMP_01 | 36.0 | NORMAL
2026-06-05 05:43:14 | WARD_B_TEMP_02 | 35.9 | NORMAL
2026-06-05 05:43:14 | WARD_B_TEMP_03 | 40.0 | CRITICAL
2026-06-05 05:43:14 | WARD_B_TEMP_04 | 36.5 | NORMAL
2026-06-05 05:43:14 | WARD_B_TEMP_05 | 36.0 | NORMAL
2026-06-05 05:43:15 | WARD_B_TEMP_01 | 37.9 | WARNING
2026-06-05 05:43:15 | WARD_B_TEMP_02 | 38.8 | CRITICAL
2026-06-05 05:43:15 | WARD_B_TEMP_03 | 38.8 | CRITICAL
2026-06-05 05:43:15 | WARD_B_TEMP_04 | 37.4 | NORMAL
2026-06-05 05:43:15 | WARD_B_TEMP_05 | 35.6 | NORMAL
2026-06-05 05:43:16 | WARD_B_TEMP_01 | 35.4 | CRITICAL
2026-06-05 05:43:16 | WARD_B_TEMP_02 | 37.4 | NORMAL
2026-06-05 05:43:16 | WARD_B_TEMP_03 | 34.9 | CRITICAL
2026-06-05 05:43:16 | WARD_B_TEMP_04 | 35.3 | CRITICAL
2026-06-05 05:43:16 | WARD_B_TEMP_05 | 36.7 | NORMAL
2026-06-05 05:43:17 | WARD_B_TEMP_01 | 40.1 | CRITICAL
2026-06-05 05:43:17 | WARD_B_TEMP_02 | 38.9 | CRITICAL
2026-06-05 05:43:17 | WARD_B_TEMP_03 | 34.9 | CRITICAL
2026-06-05 05:43:17 | WARD_B_TEMP_04 | 35.2 | CRITICAL
2026-06-05 05:43:17 | WARD_B_TEMP_05 | 39.7 | CRITICAL
2026-06-05 05:43:18 | WARD_B_TEMP_01 | 36.8 | NORMAL
2026-06-05 05:43:18 | WARD_B_TEMP_02 | 35.9 | NORMAL
2026-06-05 05:43:18 | WARD_B_TEMP_03 | 40.1 | CRITICAL
2026-06-05 05:43:18 | WARD_B_TEMP_04 | 40.3 | CRITICAL
2026-06-05 05:43:18 | WARD_B_TEMP_05 | 39.1 | CRITICAL
2026-06-05 05:43:19 | WARD_B_TEMP_01 | 39.5 | CRITICAL
2026-06-05 05:43:19 | WARD_B_TEMP_02 | 39.4 | CRITICAL
2026-06-05 05:43:19 | WARD_B_TEMP_03 | 40.2 | CRITICAL
2026-06-05 05:43:19 | WARD_B_TEMP_04 | 35.9 | NORMAL
2026-06-05 05:43:19 | WARD_B_TEMP_05 | 35.6 | NORMAL
2026-06-05 05:43:20 | WARD_B_TEMP_01 | 40.0 | CRITICAL
2026-06-05 05:43:20 | WARD_B_TEMP_02 | 37.2 | NORMAL
2026-06-05 05:43:20 | WARD_B_TEMP_03 | 36.7 | NORMAL
2026-06-05 05:43:20 | WARD_B_TEMP_04 | 37.6 | WARNING
2026-06-05 05:43:20 | WARD_B_TEMP_05 | 37.2 | NORMAL
2026-06-05 05:43:21 | WARD_B_TEMP_01 | 37.9 | WARNING
2026-06-05 05:43:21 | WARD_B_TEMP_02 | 34.8 | CRITICAL
2026-06-05 05:43:21 | WARD_B_TEMP_03 | 38.0 | WARNING
2026-06-05 05:43:21 | WARD_B_TEMP_04 | 38.6 | CRITICAL
2026-06-05 05:43:21 | WARD_B_TEMP_05 | 40.2 | CRITICAL
2026-06-05 05:43:22 | WARD_B_TEMP_01 | 37.3 | NORMAL
2026-06-05 05:43:22 | WARD_B_TEMP_02 | 35.4 | CRITICAL
2026-06-05 05:43:22 | WARD_B_TEMP_03 | 39.6 | CRITICAL
2026-06-05 05:43:22 | WARD_B_TEMP_04 | 36.6 | NORMAL
2026-06-05 05:43:22 | WARD_B_TEMP_05 | 39.7 | CRITICAL
2026-06-05 05:43:23 | WARD_B_TEMP_01 | 36.1 | NORMAL
2026-06-05 05:43:23 | WARD_B_TEMP_02 | 36.4 | NORMAL
2026-06-05 05:43:23 | WARD_B_TEMP_03 | 39.3 | CRITICAL
2026-06-05 05:43:23 | WARD_B_TEMP_04 | 37.0 | NORMAL
2026-06-05 05:43:23 | WARD_B_TEMP_05 | 35.6 | NORMAL
2026-06-05 05:43:24 | WARD_B_TEMP_01 | 40.4 | CRITICAL
2026-06-05 05:43:24 | WARD_B_TEMP_02 | 40.2 | CRITICAL
2026-06-05 05:43:24 | WARD_B_TEMP_03 | 36.5 | NORMAL
2026-06-05 05:43:24 | WARD_B_TEMP_04 | 37.9 | WARNING
2026-06-05 05:43:24 | WARD_B_TEMP_05 | 36.0 | NORMAL
2026-06-05 05:43:25 | WARD_B_TEMP_01 | 40.3 | CRITICAL
2026-06-05 05:43:25 | WARD_B_TEMP_02 | 38.5 | CRITICAL
2026-06-05 05:43:25 | WARD_B_TEMP_03 | 38.6 | CRITICAL
2026-06-05 05:43:25 | WARD_B_TEMP_04 | 35.8 | NORMAL
2026-06-05 05:43:25 | WARD_B_TEMP_05 | 38.6 | CRITICAL
2026-06-05 05:43:26 | WARD_B_TEMP_01 | 38.1 | CRITICAL
2026-06-05 05:43:26 | WARD_B_TEMP_02 | 39.7 | CRITICAL
2026-06-05 05:43:26 | WARD_B_TEMP_03 | 34.7 | CRITICAL
2026-06-05 05:43:26 | WARD_B_TEMP_04 | 36.4 | NORMAL
2026-06-05 05:43:26 | WARD_B_TEMP_05 | 38.9 | CRITICAL
2026-06-05 05:43:27 | WARD_B_TEMP_01 | 37.7 | WARNING
2026-06-05 05:43:27 | WARD_B_TEMP_02 | 36.2 | NORMAL
2026-06-05 05:43:27 | WARD_B_TEMP_03 | 39.1 | CRITICAL
2026-06-05 05:43:27 | WARD_B_TEMP_04 | 34.9 | CRITICAL
2026-06-05 05:43:27 | WARD_B_TEMP_05 | 36.2 | NORMAL
2026-06-05 05:43:28 | WARD_B_TEMP_01 | 38.2 | CRITICAL
2026-06-05 05:43:28 | WARD_B_TEMP_02 | 40.5 | CRITICAL
2026-06-05 05:43:28 | WARD_B_TEMP_03 | 39.4 | CRITICAL
2026-06-05 05:43:28 | WARD_B_TEMP_04 | 37.3 | NORMAL
2026-06-05 05:43:28 | WARD_B_TEMP_05 | 35.4 | CRITICAL
